#
# There is insufficient memory for the Java Runtime Environment to continue.
# Native memory allocation (malloc) failed to allocate 32744 bytes for ChunkPool::allocate
# Possible reasons:
#   The system is out of physical RAM or swap space
#   In 32 bit mode, the process size limit was hit
# Possible solutions:
#   Reduce memory load on the system
#   Increase physical memory or swap space
#   Check if swap backing store is full
#   Use 64 bit Java on a 64 bit OS
#   Decrease Java heap size (-Xmx/-Xms)
#   Decrease number of Java threads
#   Decrease Java thread stack sizes (-Xss)
#   Set larger code cache with -XX:ReservedCodeCacheSize=
# This output file may be truncated or incomplete.
#
#  Out of Memory Error (allocation.cpp:273), pid=38468, tid=0x0000000000007050
#
# JRE version: Java(TM) SE Runtime Environment (8.0_181-b13) (build 1.8.0_181-b13)
# Java VM: Java HotSpot(TM) 64-Bit Server VM (25.181-b13 mixed mode windows-amd64 compressed oops)
# Failed to write core dump. Minidumps are not enabled by default on client versions of Windows
#

---------------  T H R E A D  ---------------

Current thread (0x00000000192d7000):  JavaThread "C2 CompilerThread1" daemon [_thread_in_native, id=28752, stack(0x00000000198d0000,0x00000000199d0000)]

Stack: [0x00000000198d0000,0x00000000199d0000]
[error occurred during error reporting (printing stack bounds), id 0xc0000005]

Native frames: (J=compiled Java code, j=interpreted, Vv=VM code, C=native code)


Current CompileTask:
C2:3755273 7680   !   4       org.springframework.core.annotation.AnnotatedElementUtils::searchWithFindSemantics (720 bytes)


---------------  P R O C E S S  ---------------

Java Threads: ( => current thread )
  0x000000001a3ee800 JavaThread "http-nio-6668-exec-1" daemon [_thread_blocked, id=32564, stack(0x000000001e740000,0x000000001e840000)]
  0x000000001a3e7000 JavaThread "AsyncResolver-bootstrap-executor-0" daemon [_thread_blocked, id=10376, stack(0x0000000025aa0000,0x0000000025ba0000)]
  0x000000001a3ee000 JavaThread "DiscoveryClient-2" daemon [_thread_blocked, id=35868, stack(0x0000000001330000,0x0000000001430000)]
  0x000000001a3ed000 JavaThread "DiscoveryClient-CacheRefreshExecutor-0" daemon [_thread_blocked, id=42288, stack(0x0000000001230000,0x0000000001330000)]
  0x000000001a3ec800 JavaThread "DiscoveryClient-HeartbeatExecutor-0" daemon [_thread_blocked, id=6472, stack(0x0000000001130000,0x0000000001230000)]
  0x000000001a3e5000 JavaThread "DestroyJavaVM" [_thread_blocked, id=44876, stack(0x00000000030f0000,0x00000000031f0000)]
  0x000000001a3eb800 JavaThread "http-nio-6668-AsyncTimeout" daemon [_thread_blocked, id=39260, stack(0x00000000259a0000,0x0000000025aa0000)]
  0x000000001a3ea000 JavaThread "http-nio-6668-Acceptor-0" daemon [_thread_in_native, id=19048, stack(0x0000000024ea0000,0x0000000024fa0000)]
  0x000000001a3e6800 JavaThread "http-nio-6668-ClientPoller-1" daemon [_thread_in_native, id=17880, stack(0x00000000258a0000,0x00000000259a0000)]
  0x000000001a3e9800 JavaThread "http-nio-6668-ClientPoller-0" daemon [_thread_in_native, id=43276, stack(0x00000000257a0000,0x00000000258a0000)]
  0x000000001a3e5800 JavaThread "NioBlockingSelector.BlockPoller-1" daemon [_thread_in_native, id=28296, stack(0x0000000024ff0000,0x00000000250f0000)]
  0x000000001a3eb000 JavaThread "DiscoveryClient-InstanceInfoReplicator-0" daemon [_thread_blocked, id=41980, stack(0x00000000254a0000,0x00000000255a0000)]
  0x000000001a3e3800 JavaThread "DiscoveryClient-1" daemon [_thread_blocked, id=44984, stack(0x00000000253a0000,0x00000000254a0000)]
  0x000000001e2e7000 JavaThread "DiscoveryClient-0" daemon [_thread_blocked, id=40124, stack(0x00000000251a0000,0x00000000252a0000)]
  0x000000001e2ea000 JavaThread "AsyncResolver-bootstrap-0" daemon [_thread_blocked, id=23512, stack(0x0000000024ca0000,0x0000000024da0000)]
  0x000000001e2e9800 JavaThread "Eureka-JerseyClient-Conn-Cleaner2" daemon [_thread_blocked, id=6820, stack(0x00000000249a0000,0x0000000024aa0000)]
  0x000000001e2eb000 JavaThread "Eureka-JerseyClient-Conn-Cleaner2" daemon [_thread_blocked, id=22184, stack(0x00000000248a0000,0x00000000249a0000)]
  0x000000001e2e5800 JavaThread "spring.cloud.inetutils" daemon [_thread_blocked, id=29752, stack(0x00000000241a0000,0x00000000242a0000)]
  0x000000001e2e8800 JavaThread "mysql-cj-abandoned-connection-cleanup" daemon [_thread_blocked, id=35664, stack(0x00000000236a0000,0x00000000237a0000)]
  0x000000001e2eb800 JavaThread "Tomcat JDBC Pool Cleaner[705927765:1591409298678]" daemon [_thread_blocked, id=43076, stack(0x000000001ff40000,0x0000000020040000)]
  0x000000001e2e8000 JavaThread "container-0" [_thread_blocked, id=15044, stack(0x000000001fe40000,0x000000001ff40000)]
  0x000000001e2e6800 JavaThread "ContainerBackgroundProcessor[StandardEngine[Tomcat]]" daemon [_thread_blocked, id=21400, stack(0x000000001eb70000,0x000000001ec70000)]
  0x000000001934c800 JavaThread "Service Thread" daemon [_thread_blocked, id=44608, stack(0x0000000019ad0000,0x0000000019bd0000)]
  0x00000000192e2800 JavaThread "C1 CompilerThread2" daemon [_thread_blocked, id=29252, stack(0x00000000199d0000,0x0000000019ad0000)]
=>0x00000000192d7000 JavaThread "C2 CompilerThread1" daemon [_thread_in_native, id=28752, stack(0x00000000198d0000,0x00000000199d0000)]
  0x00000000192d2000 JavaThread "C2 CompilerThread0" daemon [_thread_blocked, id=14992, stack(0x00000000197d0000,0x00000000198d0000)]
  0x00000000192d0800 JavaThread "Attach Listener" daemon [_thread_blocked, id=19952, stack(0x00000000196d0000,0x00000000197d0000)]
  0x0000000017e2e800 JavaThread "Signal Dispatcher" daemon [_thread_blocked, id=18792, stack(0x00000000191d0000,0x00000000192d0000)]
  0x0000000017dbf800 JavaThread "Finalizer" daemon [_thread_blocked, id=34808, stack(0x0000000019020000,0x0000000019120000)]
  0x0000000017d98800 JavaThread "Reference Handler" daemon [_thread_blocked, id=9760, stack(0x0000000018f20000,0x0000000019020000)]

Other Threads:
  0x0000000017d96000 VMThread [stack: 0x0000000018e20000,0x0000000018f20000] [id=31284]
  0x00000000193f2800 WatcherThread [stack: 0x0000000019bd0000,0x0000000019cd0000] [id=37092]

VM state:at safepoint (normal execution)

VM Mutex/Monitor currently owned by a thread:  ([mutex/lock_event])
[0x00000000031f70f0] Threads_lock - owner thread: 0x0000000017d96000
[0x00000000031f8700] Heap_lock - owner thread: 0x000000001a3ee800

Heap:
 PSYoungGen      total 289792K, used 136564K [0x00000000d6300000, 0x00000000ebf80000, 0x0000000100000000)
  eden space 276480K, 49% used [0x00000000d6300000,0x00000000de85d080,0x00000000e7100000)
  from space 13312K, 0% used [0x00000000e7100000,0x00000000e7100000,0x00000000e7e00000)
  to   space 15360K, 1% used [0x00000000eb080000,0x00000000eb0c0000,0x00000000ebf80000)
 ParOldGen       total 141824K, used 45689K [0x0000000082800000, 0x000000008b280000, 0x00000000d6300000)
  object space 141824K, 32% used [0x0000000082800000,0x000000008549e5f8,0x000000008b280000)
 Metaspace       used 65070K, capacity 65834K, committed 66048K, reserved 1110016K
  class space    used 8515K, capacity 8681K, committed 8704K, reserved 1048576K

Card table byte_map: [0x00000000126c0000,0x0000000012ab0000] byte_map_base: 0x00000000122ac000

Marking Bits: (ParMarkBitMap*) 0x0000000061172d00
 Begin Bits: [0x0000000013150000, 0x00000000150b0000)
 End Bits:   [0x00000000150b0000, 0x0000000017010000)

Polling page: 0x0000000000f50000

CodeCache: size=245760Kb used=22416Kb max_used=22731Kb free=223343Kb
 bounds [0x0000000003300000, 0x0000000004980000, 0x0000000012300000]
 total_blobs=6771 nmethods=6208 adapters=475
 compilation: enabled

Compilation events (10 events):
Event: 3755.139 Thread 0x00000000192d7000 nmethod 7675 0x00000000038c8210 code [0x00000000038c8340, 0x00000000038c8418]
Event: 3755.140 Thread 0x00000000192e2800 7676       3       java.util.regex.Pattern$BitClass::add (97 bytes)
Event: 3755.141 Thread 0x00000000192e2800 nmethod 7676 0x0000000003f34e90 code [0x0000000003f350a0, 0x0000000003f35a18]
Event: 3755.141 Thread 0x00000000192e2800 7678       3       java.util.regex.Pattern::bitsOrSingle (104 bytes)
Event: 3755.142 Thread 0x00000000192e2800 nmethod 7678 0x0000000003f34410 code [0x0000000003f345c0, 0x0000000003f34d38]
Event: 3755.142 Thread 0x00000000192e2800 7677       3       java.util.regex.ASCII::isAscii (13 bytes)
Event: 3755.142 Thread 0x00000000192e2800 nmethod 7677 0x0000000003f340d0 code [0x0000000003f34220, 0x0000000003f343b0]
Event: 3755.160 Thread 0x00000000192d2000 7679       4       org.springframework.core.annotation.AnnotationUtils$AnnotationCacheKey::hashCode (19 bytes)
Event: 3755.175 Thread 0x00000000192d2000 nmethod 7679 0x000000000464f190 code [0x000000000464f300, 0x000000000464f828]
Event: 3755.185 Thread 0x00000000192d7000 7680   !   4       org.springframework.core.annotation.AnnotatedElementUtils::searchWithFindSemantics (720 bytes)

GC Heap History (10 events):
Event: 21.263 GC heap before
{Heap before GC invocations=16 (full 2):
 PSYoungGen      total 171520K, used 161280K [0x00000000d6300000, 0x00000000e4e80000, 0x0000000100000000)
  eden space 161280K, 100% used [0x00000000d6300000,0x00000000e0080000,0x00000000e0080000)
  from space 10240K, 0% used [0x00000000e0080000,0x00000000e0080000,0x00000000e0a80000)
  to   space 9728K, 0% used [0x00000000e4500000,0x00000000e4500000,0x00000000e4e80000)
 ParOldGen       total 92672K, used 23706K [0x0000000082800000, 0x0000000088280000, 0x00000000d6300000)
  object space 92672K, 25% used [0x0000000082800000,0x0000000083f26a98,0x0000000088280000)
 Metaspace       used 45931K, capacity 46390K, committed 46848K, reserved 1089536K
  class space    used 5916K, capacity 6053K, committed 6144K, reserved 1048576K
Event: 21.281 GC heap after
Heap after GC invocations=16 (full 2):
 PSYoungGen      total 221696K, used 9710K [0x00000000d6300000, 0x00000000e4e80000, 0x0000000100000000)
  eden space 211968K, 0% used [0x00000000d6300000,0x00000000d6300000,0x00000000e3200000)
  from space 9728K, 99% used [0x00000000e4500000,0x00000000e4e7ba70,0x00000000e4e80000)
  to   space 12288K, 0% used [0x00000000e3680000,0x00000000e3680000,0x00000000e4280000)
 ParOldGen       total 92672K, used 26569K [0x0000000082800000, 0x0000000088280000, 0x00000000d6300000)
  object space 92672K, 28% used [0x0000000082800000,0x00000000841f27b0,0x0000000088280000)
 Metaspace       used 45931K, capacity 46390K, committed 46848K, reserved 1089536K
  class space    used 5916K, capacity 6053K, committed 6144K, reserved 1048576K
}
Event: 25.794 GC heap before
{Heap before GC invocations=17 (full 2):
 PSYoungGen      total 221696K, used 221678K [0x00000000d6300000, 0x00000000e4e80000, 0x0000000100000000)
  eden space 211968K, 100% used [0x00000000d6300000,0x00000000e3200000,0x00000000e3200000)
  from space 9728K, 99% used [0x00000000e4500000,0x00000000e4e7ba70,0x00000000e4e80000)
  to   space 12288K, 0% used [0x00000000e3680000,0x00000000e3680000,0x00000000e4280000)
 ParOldGen       total 92672K, used 26569K [0x0000000082800000, 0x0000000088280000, 0x00000000d6300000)
  object space 92672K, 28% used [0x0000000082800000,0x00000000841f27b0,0x0000000088280000)
 Metaspace       used 51204K, capacity 51716K, committed 52096K, reserved 1095680K
  class space    used 6632K, capacity 6770K, committed 6784K, reserved 1048576K
Event: 25.837 GC heap after
Heap after GC invocations=17 (full 2):
 PSYoungGen      total 228864K, used 10953K [0x00000000d6300000, 0x00000000e8b80000, 0x0000000100000000)
  eden space 216576K, 0% used [0x00000000d6300000,0x00000000d6300000,0x00000000e3680000)
  from space 12288K, 89% used [0x00000000e3680000,0x00000000e4132640,0x00000000e4280000)
  to   space 13312K, 0% used [0x00000000e7e80000,0x00000000e7e80000,0x00000000e8b80000)
 ParOldGen       total 92672K, used 31421K [0x0000000082800000, 0x0000000088280000, 0x00000000d6300000)
  object space 92672K, 33% used [0x0000000082800000,0x00000000846af490,0x0000000088280000)
 Metaspace       used 51204K, capacity 51716K, committed 52096K, reserved 1095680K
  class space    used 6632K, capacity 6770K, committed 6784K, reserved 1048576K
}
Event: 34.490 GC heap before
{Heap before GC invocations=18 (full 2):
 PSYoungGen      total 228864K, used 227529K [0x00000000d6300000, 0x00000000e8b80000, 0x0000000100000000)
  eden space 216576K, 100% used [0x00000000d6300000,0x00000000e3680000,0x00000000e3680000)
  from space 12288K, 89% used [0x00000000e3680000,0x00000000e4132640,0x00000000e4280000)
  to   space 13312K, 0% used [0x00000000e7e80000,0x00000000e7e80000,0x00000000e8b80000)
 ParOldGen       total 92672K, used 31421K [0x0000000082800000, 0x0000000088280000, 0x00000000d6300000)
  object space 92672K, 33% used [0x0000000082800000,0x00000000846af490,0x0000000088280000)
 Metaspace       used 55686K, capacity 56218K, committed 56576K, reserved 1097728K
  class space    used 7271K, capacity 7413K, committed 7424K, reserved 1048576K
Event: 34.521 GC heap after
Heap after GC invocations=18 (full 2):
 PSYoungGen      total 289280K, used 8909K [0x00000000d6300000, 0x00000000e8b00000, 0x0000000100000000)
  eden space 276480K, 0% used [0x00000000d6300000,0x00000000d6300000,0x00000000e7100000)
  from space 12800K, 69% used [0x00000000e7e80000,0x00000000e8733708,0x00000000e8b00000)
  to   space 13312K, 0% used [0x00000000e7100000,0x00000000e7100000,0x00000000e7e00000)
 ParOldGen       total 92672K, used 37893K [0x0000000082800000, 0x0000000088280000, 0x00000000d6300000)
  object space 92672K, 40% used [0x0000000082800000,0x0000000084d01408,0x0000000088280000)
 Metaspace       used 55686K, capacity 56218K, committed 56576K, reserved 1097728K
  class space    used 7271K, capacity 7413K, committed 7424K, reserved 1048576K
}
Event: 38.746 GC heap before
{Heap before GC invocations=19 (full 2):
 PSYoungGen      total 289280K, used 213086K [0x00000000d6300000, 0x00000000e8b00000, 0x0000000100000000)
  eden space 276480K, 73% used [0x00000000d6300000,0x00000000e2a642c8,0x00000000e7100000)
  from space 12800K, 69% used [0x00000000e7e80000,0x00000000e8733708,0x00000000e8b00000)
  to   space 13312K, 0% used [0x00000000e7100000,0x00000000e7100000,0x00000000e7e00000)
 ParOldGen       total 92672K, used 37893K [0x0000000082800000, 0x0000000088280000, 0x00000000d6300000)
  object space 92672K, 40% used [0x0000000082800000,0x0000000084d01408,0x0000000088280000)
 Metaspace       used 58320K, capacity 59008K, committed 59160K, reserved 1101824K
  class space    used 7615K, capacity 7766K, committed 7808K, reserved 1048576K
Event: 38.780 GC heap after
Heap after GC invocations=19 (full 2):
 PSYoungGen      total 289792K, used 13297K [0x00000000d6300000, 0x00000000ebf80000, 0x0000000100000000)
  eden space 276480K, 0% used [0x00000000d6300000,0x00000000d6300000,0x00000000e7100000)
  from space 13312K, 99% used [0x00000000e7100000,0x00000000e7dfc600,0x00000000e7e00000)
  to   space 15360K, 0% used [0x00000000eb080000,0x00000000eb080000,0x00000000ebf80000)
 ParOldGen       total 92672K, used 38236K [0x0000000082800000, 0x0000000088280000, 0x00000000d6300000)
  object space 92672K, 41% used [0x0000000082800000,0x0000000084d572c0,0x0000000088280000)
 Metaspace       used 58320K, capacity 59008K, committed 59160K, reserved 1101824K
  class space    used 7615K, capacity 7766K, committed 7808K, reserved 1048576K
}
Event: 38.780 GC heap before
{Heap before GC invocations=20 (full 3):
 PSYoungGen      total 289792K, used 13297K [0x00000000d6300000, 0x00000000ebf80000, 0x0000000100000000)
  eden space 276480K, 0% used [0x00000000d6300000,0x00000000d6300000,0x00000000e7100000)
  from space 13312K, 99% used [0x00000000e7100000,0x00000000e7dfc600,0x00000000e7e00000)
  to   space 15360K, 0% used [0x00000000eb080000,0x00000000eb080000,0x00000000ebf80000)
 ParOldGen       total 92672K, used 38236K [0x0000000082800000, 0x0000000088280000, 0x00000000d6300000)
  object space 92672K, 41% used [0x0000000082800000,0x0000000084d572c0,0x0000000088280000)
 Metaspace       used 58320K, capacity 59008K, committed 59160K, reserved 1101824K
  class space    used 7615K, capacity 7766K, committed 7808K, reserved 1048576K
Event: 39.419 GC heap after
Heap after GC invocations=20 (full 3):
 PSYoungGen      total 289792K, used 0K [0x00000000d6300000, 0x00000000ebf80000, 0x0000000100000000)
  eden space 276480K, 0% used [0x00000000d6300000,0x00000000d6300000,0x00000000e7100000)
  from space 13312K, 0% used [0x00000000e7100000,0x00000000e7100000,0x00000000e7e00000)
  to   space 15360K, 0% used [0x00000000eb080000,0x00000000eb080000,0x00000000ebf80000)
 ParOldGen       total 141824K, used 45689K [0x0000000082800000, 0x000000008b280000, 0x00000000d6300000)
  object space 141824K, 32% used [0x0000000082800000,0x000000008549e5f8,0x000000008b280000)
 Metaspace       used 58320K, capacity 59008K, committed 59160K, reserved 1101824K
  class space    used 7615K, capacity 7766K, committed 7808K, reserved 1048576K
}

Deoptimization events (10 events):
Event: 342.495 Thread 0x000000001a3e7000 Uncommon trap: reason=bimorphic action=maybe_recompile pc=0x00000000045ac7f0 method=java.net.URL.<init>(Ljava/net/URL;Ljava/lang/String;Ljava/net/URLStreamHandler;)V @ 504
Event: 343.172 Thread 0x000000001e2e7000 Uncommon trap: reason=unstable_if action=reinterpret pc=0x0000000003ee8084 method=java.util.concurrent.locks.AbstractQueuedSynchronizer.acquire(I)V @ 5
Event: 1033.509 Thread 0x000000001a3ed000 Uncommon trap: reason=class_check action=maybe_recompile pc=0x0000000003510dd0 method=java.util.HashMap.removeNode(ILjava/lang/Object;Ljava/lang/Object;ZZ)Ljava/util/HashMap$Node; @ 143
Event: 1753.781 Thread 0x000000001a3ed000 Uncommon trap: reason=class_check action=maybe_recompile pc=0x0000000003510dd0 method=java.util.HashMap.removeNode(ILjava/lang/Object;Ljava/lang/Object;ZZ)Ljava/util/HashMap$Node; @ 143
Event: 2474.766 Thread 0x000000001a3ed000 Uncommon trap: reason=class_check action=maybe_recompile pc=0x0000000003510dd0 method=java.util.HashMap.removeNode(ILjava/lang/Object;Ljava/lang/Object;ZZ)Ljava/util/HashMap$Node; @ 143
Event: 3405.242 Thread 0x000000001a3ed000 Uncommon trap: reason=class_check action=maybe_recompile pc=0x0000000003510dd0 method=java.util.HashMap.removeNode(ILjava/lang/Object;Ljava/lang/Object;ZZ)Ljava/util/HashMap$Node; @ 143
Event: 3752.996 Thread 0x000000001a3e6800 Uncommon trap: reason=unstable_if action=reinterpret pc=0x00000000043d98d0 method=sun.nio.ch.WindowsSelectorImpl$SubSelector.processFDSet(J[IIZ)I @ 11
Event: 3752.998 Thread 0x000000001a3e6800 Uncommon trap: reason=unstable_if action=reinterpret pc=0x0000000003c76adc method=sun.nio.ch.WindowsSelectorImpl.resetWakeupSocket()V @ 11
Event: 3752.999 Thread 0x000000001a3e6800 Uncommon trap: reason=unstable_if action=reinterpret pc=0x00000000041da594 method=org.apache.tomcat.util.collections.SynchronizedQueue.poll()Ljava/lang/Object; @ 8
Event: 3753.005 Thread 0x000000001a3e6800 Uncommon trap: reason=unstable_if action=reinterpret pc=0x0000000003bb7750 method=org.apache.tomcat.util.net.NioEndpoint$Poller.timeout(IZ)V @ 18

Classes redefined (0 events):
No events

Internal exceptions (10 events):
Event: 3754.600 Thread 0x000000001a3ee800 Exception <a 'java/lang/ClassNotFoundException': java/lang/ObjectCustomizer> (0x00000000de043810) thrown at [C:\re\workspace\8-2-build-windows-amd64-cygwin\jdk8u181\11358\hotspot\src\share\vm\classfile\systemDictionary.cpp, line 210]
Event: 3754.609 Thread 0x000000001a3ee800 Exception <a 'java/lang/ClassNotFoundException': org/springframework/web/servlet/view/DefaultRequestToViewNameTranslatorCustomizer> (0x00000000de077870) thrown at [C:\re\workspace\8-2-build-windows-amd64-cygwin\jdk8u181\11358\hotspot\src\share\vm\classfil
Event: 3754.624 Thread 0x000000001a3ee800 Exception <a 'java/lang/ClassNotFoundException': org/springframework/web/servlet/RequestToViewNameTranslatorCustomizer> (0x00000000de0b4a58) thrown at [C:\re\workspace\8-2-build-windows-amd64-cygwin\jdk8u181\11358\hotspot\src\share\vm\classfile\systemDict
Event: 3754.648 Thread 0x000000001a3ee800 Exception <a 'java/lang/ClassNotFoundException': java/lang/ObjectCustomizer> (0x00000000de0ed7c0) thrown at [C:\re\workspace\8-2-build-windows-amd64-cygwin\jdk8u181\11358\hotspot\src\share\vm\classfile\systemDictionary.cpp, line 210]
Event: 3754.660 Thread 0x000000001a3ee800 Exception <a 'java/lang/ClassNotFoundException': org/springframework/web/servlet/support/AbstractFlashMapManagerCustomizer> (0x00000000de11de98) thrown at [C:\re\workspace\8-2-build-windows-amd64-cygwin\jdk8u181\11358\hotspot\src\share\vm\classfile\system
Event: 3754.675 Thread 0x000000001a3ee800 Exception <a 'java/lang/ClassNotFoundException': org/springframework/web/servlet/support/SessionFlashMapManagerCustomizer> (0x00000000de152450) thrown at [C:\re\workspace\8-2-build-windows-amd64-cygwin\jdk8u181\11358\hotspot\src\share\vm\classfile\systemD
Event: 3754.688 Thread 0x000000001a3ee800 Exception <a 'java/lang/ClassNotFoundException': org/springframework/web/servlet/FlashMapManagerCustomizer> (0x00000000de17ab40) thrown at [C:\re\workspace\8-2-build-windows-amd64-cygwin\jdk8u181\11358\hotspot\src\share\vm\classfile\systemDictionary.cpp, 
Event: 3754.858 Thread 0x000000001a3ee800 Exception <a 'java/lang/ClassNotFoundException': java/lang/ObjectCustomizer> (0x00000000de371670) thrown at [C:\re\workspace\8-2-build-windows-amd64-cygwin\jdk8u181\11358\hotspot\src\share\vm\classfile\systemDictionary.cpp, line 210]
Event: 3754.863 Thread 0x000000001a3ee800 Exception <a 'java/lang/ClassNotFoundException': org/springframework/security/oauth2/provider/client/InMemoryClientDetailsServiceCustomizer> (0x00000000de3aa288) thrown at [C:\re\workspace\8-2-build-windows-amd64-cygwin\jdk8u181\11358\hotspot\src\share\vm
Event: 3754.868 Thread 0x000000001a3ee800 Exception <a 'java/lang/ClassNotFoundException': org/springframework/security/oauth2/provider/ClientDetailsServiceCustomizer> (0x00000000de3e0198) thrown at [C:\re\workspace\8-2-build-windows-amd64-cygwin\jdk8u181\11358\hotspot\src\share\vm\classfile\syst

Events (10 events):
Event: 3755.213 loading class org/springframework/web/multipart/support/MultipartResolutionDelegate
Event: 3755.213 loading class org/springframework/web/multipart/support/MultipartResolutionDelegate done
Event: 3755.220 loading class org/springframework/web/multipart/MultipartFile
Event: 3755.220 loading class org/springframework/web/multipart/MultipartFile done
Event: 3755.222 loading class org/springframework/web/bind/annotation/MatrixVariable
Event: 3755.222 loading class org/springframework/web/bind/annotation/MatrixVariable done
Event: 3755.225 loading class org/springframework/web/bind/annotation/RequestBody
Event: 3755.225 loading class org/springframework/web/bind/annotation/RequestBody done
Event: 3755.227 loading class org/springframework/web/bind/annotation/RequestHeader
Event: 3755.227 loading class org/springframework/web/bind/annotation/RequestHeader done


Dynamic libraries:
0x00007ff6a0390000 - 0x00007ff6a03c7000 	C:\Users\CeYang\Desktop\JAL\tool\pleiades-2018-09-java-win-64bit-jre_20181004\pleiades\java\8\bin\javaw.exe
0x00007ffbe1020000 - 0x00007ffbe1210000 	C:\WINDOWS\SYSTEM32\ntdll.dll
0x00007ffbdf510000 - 0x00007ffbdf5c2000 	C:\WINDOWS\System32\KERNEL32.DLL
0x00007ffbded10000 - 0x00007ffbdefb4000 	C:\WINDOWS\System32\KERNELBASE.dll
0x00007ffbdffc0000 - 0x00007ffbe0063000 	C:\WINDOWS\System32\ADVAPI32.dll
0x00007ffbdf0d0000 - 0x00007ffbdf16e000 	C:\WINDOWS\System32\msvcrt.dll
0x00007ffbe05b0000 - 0x00007ffbe0647000 	C:\WINDOWS\System32\sechost.dll
0x00007ffbdfe00000 - 0x00007ffbdff20000 	C:\WINDOWS\System32\RPCRT4.dll
0x00007ffbdfc60000 - 0x00007ffbdfdf4000 	C:\WINDOWS\System32\USER32.dll
0x00007ffbde780000 - 0x00007ffbde7a1000 	C:\WINDOWS\System32\win32u.dll
0x00007ffbe0070000 - 0x00007ffbe0096000 	C:\WINDOWS\System32\GDI32.dll
0x00007ffbde7b0000 - 0x00007ffbde944000 	C:\WINDOWS\System32\gdi32full.dll
0x00007ffbdeaa0000 - 0x00007ffbdeb3e000 	C:\WINDOWS\System32\msvcp_win.dll
0x00007ffbdec10000 - 0x00007ffbded0a000 	C:\WINDOWS\System32\ucrtbase.dll
0x00007ffbccc80000 - 0x00007ffbccf04000 	C:\WINDOWS\WinSxS\amd64_microsoft.windows.common-controls_6595b64144ccf1df_6.0.18362.836_none_e6c4b943130f18ed\COMCTL32.dll
0x00007ffbdf920000 - 0x00007ffbdfc56000 	C:\WINDOWS\System32\combase.dll
0x00007ffbdeb40000 - 0x00007ffbdebc0000 	C:\WINDOWS\System32\bcryptPrimitives.dll
0x00007ffbdff90000 - 0x00007ffbdffbe000 	C:\WINDOWS\System32\IMM32.DLL
0x0000000061610000 - 0x00000000616e2000 	C:\Users\CeYang\Desktop\JAL\tool\pleiades-2018-09-java-win-64bit-jre_20181004\pleiades\java\8\jre\bin\msvcr100.dll
0x0000000060950000 - 0x00000000611f2000 	C:\Users\CeYang\Desktop\JAL\tool\pleiades-2018-09-java-win-64bit-jre_20181004\pleiades\java\8\jre\bin\server\jvm.dll
0x00007ffbe05a0000 - 0x00007ffbe05a8000 	C:\WINDOWS\System32\PSAPI.DLL
0x00007ffbc6ff0000 - 0x00007ffbc6ff9000 	C:\WINDOWS\SYSTEM32\WSOCK32.dll
0x00007ffbd32f0000 - 0x00007ffbd3314000 	C:\WINDOWS\SYSTEM32\WINMM.dll
0x00007ffbd32c0000 - 0x00007ffbd32ed000 	C:\WINDOWS\SYSTEM32\WINMMBASE.dll
0x00007ffbd6570000 - 0x00007ffbd657a000 	C:\WINDOWS\SYSTEM32\VERSION.dll
0x00007ffbdebc0000 - 0x00007ffbdec0a000 	C:\WINDOWS\System32\cfgmgr32.dll
0x0000000003050000 - 0x00000000030bf000 	C:\WINDOWS\System32\ws2_32.DLL
0x0000000061600000 - 0x000000006160f000 	C:\Users\CeYang\Desktop\JAL\tool\pleiades-2018-09-java-win-64bit-jre_20181004\pleiades\java\8\jre\bin\verify.dll
0x00000000615d0000 - 0x00000000615f9000 	C:\Users\CeYang\Desktop\JAL\tool\pleiades-2018-09-java-win-64bit-jre_20181004\pleiades\java\8\jre\bin\java.dll
0x00000000615b0000 - 0x00000000615c6000 	C:\Users\CeYang\Desktop\JAL\tool\pleiades-2018-09-java-win-64bit-jre_20181004\pleiades\java\8\jre\bin\zip.dll
0x00007ffbe0650000 - 0x00007ffbe0d34000 	C:\WINDOWS\System32\SHELL32.dll
0x00007ffbdf240000 - 0x00007ffbdf2e9000 	C:\WINDOWS\System32\shcore.dll
0x00007ffbde000000 - 0x00007ffbde77e000 	C:\WINDOWS\System32\windows.storage.dll
0x00007ffbddf40000 - 0x00007ffbddf63000 	C:\WINDOWS\System32\profapi.dll
0x00007ffbddef0000 - 0x00007ffbddf3a000 	C:\WINDOWS\System32\powrprof.dll
0x00007ffbddee0000 - 0x00007ffbddef0000 	C:\WINDOWS\System32\UMPDC.dll
0x00007ffbdf5d0000 - 0x00007ffbdf622000 	C:\WINDOWS\System32\shlwapi.dll
0x00007ffbddf70000 - 0x00007ffbddf81000 	C:\WINDOWS\System32\kernel.appcore.dll
0x00007ffbddfb0000 - 0x00007ffbddfc7000 	C:\WINDOWS\System32\cryptsp.dll
0x0000000061590000 - 0x00000000615aa000 	C:\Users\CeYang\Desktop\JAL\tool\pleiades-2018-09-java-win-64bit-jre_20181004\pleiades\java\8\jre\bin\net.dll
0x00007ffbdd700000 - 0x00007ffbdd767000 	C:\WINDOWS\system32\mswsock.dll
0x00007ffbdd420000 - 0x00007ffbdd45a000 	C:\WINDOWS\SYSTEM32\IPHLPAPI.DLL
0x00007ffbe00a0000 - 0x00007ffbe00a8000 	C:\WINDOWS\System32\NSI.dll
0x00007ffbd5280000 - 0x00007ffbd5296000 	C:\WINDOWS\SYSTEM32\dhcpcsvc6.DLL
0x00007ffbd5260000 - 0x00007ffbd527c000 	C:\WINDOWS\SYSTEM32\dhcpcsvc.DLL
0x00007ffbdd460000 - 0x00007ffbdd52b000 	C:\WINDOWS\SYSTEM32\DNSAPI.dll
0x0000000061580000 - 0x000000006158d000 	C:\Users\CeYang\Desktop\JAL\tool\pleiades-2018-09-java-win-64bit-jre_20181004\pleiades\java\8\jre\bin\management.dll
0x00007ffbcbcf0000 - 0x00007ffbcbd06000 	C:\WINDOWS\system32\napinsp.dll
0x00007ffbcb9e0000 - 0x00007ffbcb9fa000 	C:\WINDOWS\system32\pnrpnsp.dll
0x00007ffbcb9a0000 - 0x00007ffbcb9ae000 	C:\WINDOWS\System32\winrnr.dll
0x00007ffbd5570000 - 0x00007ffbd558c000 	C:\WINDOWS\system32\NLAapi.dll
0x00007ffbd8750000 - 0x00007ffbd8765000 	C:\WINDOWS\system32\wshbth.dll
0x00007ffbd2d40000 - 0x00007ffbd2d4a000 	C:\Windows\System32\rasadhlp.dll
0x00007ffbd4710000 - 0x00007ffbd4787000 	C:\WINDOWS\System32\fwpuclnt.dll
0x00007ffbddfd0000 - 0x00007ffbddff6000 	C:\WINDOWS\System32\bcrypt.dll
0x0000000061560000 - 0x0000000061571000 	C:\Users\CeYang\Desktop\JAL\tool\pleiades-2018-09-java-win-64bit-jre_20181004\pleiades\java\8\jre\bin\nio.dll
0x00007ffbdd010000 - 0x00007ffbdd043000 	C:\WINDOWS\system32\rsaenh.dll
0x00007ffbdddd0000 - 0x00007ffbdddf5000 	C:\WINDOWS\SYSTEM32\USERENV.dll
0x00007ffbdd880000 - 0x00007ffbdd88c000 	C:\WINDOWS\SYSTEM32\CRYPTBASE.dll
0x0000000060920000 - 0x0000000060944000 	C:\Users\CeYang\Desktop\JAL\tool\pleiades-2018-09-java-win-64bit-jre_20181004\pleiades\java\8\jre\bin\sunec.dll
0x0000000060910000 - 0x000000006091b000 	C:\Users\CeYang\Desktop\JAL\tool\pleiades-2018-09-java-win-64bit-jre_20181004\pleiades\java\8\jre\bin\sunmscapi.dll
0x00007ffbde950000 - 0x00007ffbdea99000 	C:\WINDOWS\System32\CRYPT32.dll
0x00007ffbddf90000 - 0x00007ffbddfa2000 	C:\WINDOWS\System32\MSASN1.dll

VM Arguments:
jvm_args: -Dfile.encoding=UTF-8 
java_command: com.iiht.emart.auth.OAuthApplication
java_class_path (initial): C:\Users\CeYang\Desktop\JAL\tool\pleiades-2018-09-java-win-64bit-jre_20181004\pleiades\java\8\jre\lib\resources.jar;C:\Users\CeYang\Desktop\JAL\tool\pleiades-2018-09-java-win-64bit-jre_20181004\pleiades\java\8\jre\lib\rt.jar;C:\Users\CeYang\Desktop\JAL\tool\pleiades-2018-09-java-win-64bit-jre_20181004\pleiades\java\8\jre\lib\jsse.jar;C:\Users\CeYang\Desktop\JAL\tool\pleiades-2018-09-java-win-64bit-jre_20181004\pleiades\java\8\jre\lib\jce.jar;C:\Users\CeYang\Desktop\JAL\tool\pleiades-2018-09-java-win-64bit-jre_20181004\pleiades\java\8\jre\lib\charsets.jar;C:\Users\CeYang\Desktop\JAL\tool\pleiades-2018-09-java-win-64bit-jre_20181004\pleiades\java\8\jre\lib\jfr.jar;C:\Users\CeYang\Desktop\JAL\tool\pleiades-2018-09-java-win-64bit-jre_20181004\pleiades\java\8\jre\lib\ext\access-bridge-64.jar;C:\Users\CeYang\Desktop\JAL\tool\pleiades-2018-09-java-win-64bit-jre_20181004\pleiades\java\8\jre\lib\ext\cldrdata.jar;C:\Users\CeYang\Desktop\JAL\tool\pleiades-2018-09-java-win-64bit-jre_20181004\pleiades\java\8\jre\lib\ext\dnsns.jar;C:\Users\CeYang\Desktop\JAL\tool\pleiades-2018-09-java-win-64bit-jre_20181004\pleiades\java\8\jre\lib\ext\jaccess.jar;C:\Users\CeYang\Desktop\JAL\tool\pleiades-2018-09-java-win-64bit-jre_20181004\pleiades\java\8\jre\lib\ext\jfxrt.jar;C:\Users\CeYang\Desktop\JAL\tool\pleiades-2018-09-java-win-64bit-jre_20181004\pleiades\java\8\jre\lib\ext\localedata.jar;C:\Users\CeYang\Desktop\JAL\tool\pleiades-2018-09-java-win-64bit-jre_20181004\pleiades\java\8\jre\lib\ext\nashorn.jar;C:\Users\CeYang\Desktop\JAL\tool\pleiades-2018-09-java-win-64bit-jre_20181004\pleiades\java\8\jre\lib\ext\sunec.jar;C:\Users\CeYang\Desktop\JAL\tool\pleiades-2018-09-java-win-64bit-jre_20181004\pleiades\java\8\jre\lib\ext\sunjce_provider.jar;C:\Users\CeYang\Desktop\JAL\tool\pleiades-2018-09-java-win-64bit-jre_20181004\pleiades\java\8\jre\lib\ext\sunmscapi.jar;C:\Users\CeYang\Desktop\JAL\tool\pleiades-2018-09-java-win-64bit-jre_20181004\pleiades\java\8\jre\lib\e
Launcher Type: SUN_STANDARD

Environment Variables:
CLASSPATH=C:\Program Files\IBM\WebSphere MQ\java\lib\com.ibm.mqjms.jar;C:\Program Files\IBM\WebSphere MQ\java\lib\com.ibm.mq.jar
PATH=C:/Users/CeYang/Desktop/JAL/tool/pleiades-2018-09-java-win-64bit-jre_20181004/pleiades/eclipse/jre/bin/../jre/bin/server;C:/Users/CeYang/Desktop/JAL/tool/pleiades-2018-09-java-win-64bit-jre_20181004/pleiades/eclipse/jre/bin/../jre/bin;C:/Users/CeYang/Desktop/JAL/tool/pleiades-2018-09-java-win-64bit-jre_20181004/pleiades/eclipse/jre/bin/../jre/lib/amd64;C:\Program Files\IBM\WebSphere MQ\java\lib;C:\Program Files\IBM\WebSphere MQ\java\lib64;C:\ProgramData\DockerDesktop\version-bin;C:\Program Files\Docker\Docker\Resources\bin;C:\oracle\product\10.2.0\client_1\bin;C:\ProgramData\Oracle\Java\javapath;C:\WINDOWS\system32;C:\WINDOWS;C:\WINDOWS\System32\Wbem;C:\WINDOWS\System32\WindowsPowerShell\v1.0\;C:\WINDOWS\System32\OpenSSH\;C:\Program Files\TortoiseSVN\bin;C:\Program Files\Git\cmd;C:\Program Files\Microsoft VS Code\bin;C:\Program Files (x86)\Intel\Intel(R) Management Engine Components\DAL;C:\Program Files\Intel\Intel(R) Management Engine Components\DAL;C:\Program Files\Intel\WiFi\bin\;C:\Program Files\Common Files\Intel\WirelessCommon\;C:\Program Files\IBM\WebSphere MQ\bin64;C:\Program Files\IBM\WebSphere MQ\bin;C:\Program Files\IBM\WebSphere MQ\tools\c\samples\bin;C:\Program Files\nodejs\;C:\Users\CeYang\AppData\Roaming\npm;C:\Program Files\MySQL\MySQL Shell 8.0\bin\;C:\Users\CeYang\Desktop\Full stack\mysql\bin;C:\Users\CeYang\AppData\Local\GitHubDesktop\bin;C:\Program Files\nodejs;C:\Users\CeYang\AppData\Roaming\npm;;C:\Users\CeYang\Desktop\JAL\tool\pleiades-2018-09-java-win-64bit-jre_20181004\pleiades\eclipse;
USERNAME=CeYang
OS=Windows_NT
PROCESSOR_IDENTIFIER=Intel64 Family 6 Model 142 Stepping 9, GenuineIntel



---------------  S Y S T E M  ---------------

OS: Windows 10.0 , 64 bit Build 18362 (10.0.18362.778)

CPU:total 4 (initial active 4) (2 cores per cpu, 2 threads per core) family 6 model 142 stepping 9, cmov, cx8, fxsr, mmx, sse, sse2, sse3, ssse3, sse4.1, sse4.2, popcnt, avx, avx2, aes, clmul, erms, rtm, 3dnowpref, lzcnt, ht, tsc, tscinvbit, bmi1, bmi2, adx

Memory: 4k page, physical 8224516k(389596k free), swap 33390340k(0k free)

vm_info: Java HotSpot(TM) 64-Bit Server VM (25.181-b13) for windows-amd64 JRE (1.8.0_181-b13), built on Jul  7 2018 04:01:33 by "java_re" with MS VC++ 10.0 (VS2010)

time: Sat Jun 06 11:10:33 2020
elapsed time: 3755 seconds (0d 1h 2m 35s)

