#
# There is insufficient memory for the Java Runtime Environment to continue.
# Native memory allocation (malloc) failed to allocate 32744 bytes for ChunkPool::allocate
# Possible reasons:
#   The system is out of physical RAM or swap space
#   In 32 bit mode, the process size limit was hit
# Possible solutions:
#   Reduce memory load on the system
#   Increase physical memory or swap space
#   Check if swap backing store is full
#   Use 64 bit Java on a 64 bit OS
#   Decrease Java heap size (-Xmx/-Xms)
#   Decrease number of Java threads
#   Decrease Java thread stack sizes (-Xss)
#   Set larger code cache with -XX:ReservedCodeCacheSize=
# This output file may be truncated or incomplete.
#
#  Out of Memory Error (allocation.cpp:273), pid=10812, tid=0x00000000000075a0
#
# JRE version: Java(TM) SE Runtime Environment (8.0_181-b13) (build 1.8.0_181-b13)
# Java VM: Java HotSpot(TM) 64-Bit Server VM (25.181-b13 mixed mode windows-amd64 compressed oops)
# Failed to write core dump. Minidumps are not enabled by default on client versions of Windows
#

---------------  T H R E A D  ---------------

Current thread (0x0000000017ab2000):  JavaThread "C2 CompilerThread0" daemon [_thread_in_native, id=30112, stack(0x00000000193f0000,0x00000000194f0000)]

Stack: [0x00000000193f0000,0x00000000194f0000]
[error occurred during error reporting (printing stack bounds), id 0xc0000005]

Native frames: (J=compiled Java code, j=interpreted, Vv=VM code, C=native code)


Current CompileTask:
C2:  29402 3447   !   4       java.util.jar.Attributes::read (380 bytes)


---------------  P R O C E S S  ---------------

Java Threads: ( => current thread )
  0x000000001a0a7800 JavaThread "localhost-startStop-1" daemon [_thread_in_Java, id=33328, stack(0x0000000020210000,0x0000000020310000)]
  0x000000001aa43000 JavaThread "Tomcat-startStop-1" daemon [_thread_blocked, id=33744, stack(0x000000001cf70000,0x000000001d070000)]
  0x0000000017ab8800 JavaThread "Service Thread" daemon [_thread_blocked, id=22220, stack(0x00000000196f0000,0x00000000197f0000)]
  0x0000000017ab7800 JavaThread "C1 CompilerThread2" daemon [_thread_in_native, id=17344, stack(0x00000000195f0000,0x00000000196f0000)]
  0x0000000017ab4000 JavaThread "C2 CompilerThread1" daemon [_thread_in_native, id=35668, stack(0x00000000194f0000,0x00000000195f0000)]
=>0x0000000017ab2000 JavaThread "C2 CompilerThread0" daemon [_thread_in_native, id=30112, stack(0x00000000193f0000,0x00000000194f0000)]
  0x0000000018e33000 JavaThread "Attach Listener" daemon [_thread_blocked, id=26760, stack(0x00000000192f0000,0x00000000193f0000)]
  0x0000000018e32800 JavaThread "Signal Dispatcher" daemon [_thread_blocked, id=17460, stack(0x00000000191f0000,0x00000000192f0000)]
  0x0000000017a8f800 JavaThread "Finalizer" daemon [_thread_blocked, id=8020, stack(0x0000000018cf0000,0x0000000018df0000)]
  0x0000000002ffa800 JavaThread "Reference Handler" daemon [_thread_blocked, id=31848, stack(0x0000000018bf0000,0x0000000018cf0000)]
  0x0000000002f09000 JavaThread "main" [_thread_blocked, id=36772, stack(0x0000000002e00000,0x0000000002f00000)]

Other Threads:
  0x0000000017a67800 VMThread [stack: 0x0000000018af0000,0x0000000018bf0000] [id=34140]
  0x0000000018ea3000 WatcherThread [stack: 0x00000000197f0000,0x00000000198f0000] [id=23988]

VM state:not at safepoint (normal execution)

VM Mutex/Monitor currently owned by a thread: None

Heap:
 PSYoungGen      total 135168K, used 106010K [0x00000000d6300000, 0x00000000e3d80000, 0x0000000100000000)
  eden space 126976K, 77% used [0x00000000d6300000,0x00000000dc28d1b8,0x00000000ddf00000)
  from space 8192K, 99% used [0x00000000ddf00000,0x00000000de6f9668,0x00000000de700000)
  to   space 9216K, 0% used [0x00000000e3480000,0x00000000e3480000,0x00000000e3d80000)
 ParOldGen       total 48640K, used 7220K [0x0000000082800000, 0x0000000085780000, 0x00000000d6300000)
  object space 48640K, 14% used [0x0000000082800000,0x0000000082f0d098,0x0000000085780000)
 Metaspace       used 30215K, capacity 30552K, committed 30848K, reserved 1077248K
  class space    used 3753K, capacity 3853K, committed 3968K, reserved 1048576K

Card table byte_map: [0x00000000123c0000,0x00000000127b0000] byte_map_base: 0x0000000011fac000

Marking Bits: (ParMarkBitMap*) 0x0000000050da2d00
 Begin Bits: [0x0000000012e50000, 0x0000000014db0000)
 End Bits:   [0x0000000014db0000, 0x0000000016d10000)

Polling page: 0x0000000000b60000

CodeCache: size=245760Kb used=12119Kb max_used=12211Kb free=233640Kb
 bounds [0x0000000003000000, 0x0000000003c00000, 0x0000000012000000]
 total_blobs=3618 nmethods=3215 adapters=312
 compilation: enabled

Compilation events (10 events):
Event: 29.374 Thread 0x0000000017ab4000 nmethod 3449 0x0000000003561390 code [0x00000000035614c0, 0x0000000003561578]
Event: 29.375 Thread 0x0000000017ab7800 3450       3       java.util.zip.CRC32::update (51 bytes)
Event: 29.376 Thread 0x0000000017ab7800 nmethod 3450 0x0000000003bf3550 code [0x0000000003bf36e0, 0x0000000003bf3ab8]
Event: 29.376 Thread 0x0000000017ab7800 3451       3       java.util.zip.InflaterInputStream::fill (60 bytes)
Event: 29.376 Thread 0x0000000017ab7800 nmethod 3451 0x0000000003562350 code [0x0000000003562500, 0x00000000035629d8]
Event: 29.376 Thread 0x0000000017ab7800 3452       3       java.util.zip.ZipInputStream::available (15 bytes)
Event: 29.377 Thread 0x0000000017ab7800 nmethod 3452 0x0000000003561dd0 code [0x0000000003561f40, 0x0000000003562248]
Event: 29.384 Thread 0x0000000017ab4000 3453       4       java.lang.String::<init> (38 bytes)
Event: 29.384 Thread 0x0000000017ab7800 3455       3       java.util.jar.Manifest::read (328 bytes)
Event: 29.387 Thread 0x0000000017ab7800 nmethod 3455 0x00000000031b6210 code [0x00000000031b6580, 0x00000000031b7f98]

GC Heap History (10 events):
Event: 13.302 GC heap before
{Heap before GC invocations=4 (full 0):
 PSYoungGen      total 37888K, used 37876K [0x00000000d6300000, 0x00000000dad00000, 0x0000000100000000)
  eden space 32768K, 100% used [0x00000000d6300000,0x00000000d8300000,0x00000000d8300000)
  from space 5120K, 99% used [0x00000000d8300000,0x00000000d87fd3c0,0x00000000d8800000)
  to   space 5120K, 0% used [0x00000000da800000,0x00000000da800000,0x00000000dad00000)
 ParOldGen       total 86016K, used 2904K [0x0000000082800000, 0x0000000087c00000, 0x00000000d6300000)
  object space 86016K, 3% used [0x0000000082800000,0x0000000082ad6070,0x0000000087c00000)
 Metaspace       used 19549K, capacity 19698K, committed 19840K, reserved 1067008K
  class space    used 2379K, capacity 2414K, committed 2432K, reserved 1048576K
Event: 13.314 GC heap after
Heap after GC invocations=4 (full 0):
 PSYoungGen      total 70656K, used 5106K [0x00000000d6300000, 0x00000000dad00000, 0x0000000100000000)
  eden space 65536K, 0% used [0x00000000d6300000,0x00000000d6300000,0x00000000da300000)
  from space 5120K, 99% used [0x00000000da800000,0x00000000dacfcb40,0x00000000dad00000)
  to   space 5120K, 0% used [0x00000000da300000,0x00000000da300000,0x00000000da800000)
 ParOldGen       total 86016K, used 4627K [0x0000000082800000, 0x0000000087c00000, 0x00000000d6300000)
  object space 86016K, 5% used [0x0000000082800000,0x0000000082c84f20,0x0000000087c00000)
 Metaspace       used 19549K, capacity 19698K, committed 19840K, reserved 1067008K
  class space    used 2379K, capacity 2414K, committed 2432K, reserved 1048576K
}
Event: 13.537 GC heap before
{Heap before GC invocations=5 (full 0):
 PSYoungGen      total 70656K, used 17043K [0x00000000d6300000, 0x00000000dad00000, 0x0000000100000000)
  eden space 65536K, 18% used [0x00000000d6300000,0x00000000d6ea81c8,0x00000000da300000)
  from space 5120K, 99% used [0x00000000da800000,0x00000000dacfcb40,0x00000000dad00000)
  to   space 5120K, 0% used [0x00000000da300000,0x00000000da300000,0x00000000da800000)
 ParOldGen       total 86016K, used 4627K [0x0000000082800000, 0x0000000087c00000, 0x00000000d6300000)
  object space 86016K, 5% used [0x0000000082800000,0x0000000082c84f20,0x0000000087c00000)
 Metaspace       used 20922K, capacity 21134K, committed 21296K, reserved 1069056K
  class space    used 2562K, capacity 2630K, committed 2688K, reserved 1048576K
Event: 13.557 GC heap after
Heap after GC invocations=5 (full 0):
 PSYoungGen      total 70656K, used 5090K [0x00000000d6300000, 0x00000000df200000, 0x0000000100000000)
  eden space 65536K, 0% used [0x00000000d6300000,0x00000000d6300000,0x00000000da300000)
  from space 5120K, 99% used [0x00000000da300000,0x00000000da7f8b50,0x00000000da800000)
  to   space 7680K, 0% used [0x00000000dea80000,0x00000000dea80000,0x00000000df200000)
 ParOldGen       total 86016K, used 5702K [0x0000000082800000, 0x0000000087c00000, 0x00000000d6300000)
  object space 86016K, 6% used [0x0000000082800000,0x0000000082d91aa8,0x0000000087c00000)
 Metaspace       used 20922K, capacity 21134K, committed 21296K, reserved 1069056K
  class space    used 2562K, capacity 2630K, committed 2688K, reserved 1048576K
}
Event: 13.557 GC heap before
{Heap before GC invocations=6 (full 1):
 PSYoungGen      total 70656K, used 5090K [0x00000000d6300000, 0x00000000df200000, 0x0000000100000000)
  eden space 65536K, 0% used [0x00000000d6300000,0x00000000d6300000,0x00000000da300000)
  from space 5120K, 99% used [0x00000000da300000,0x00000000da7f8b50,0x00000000da800000)
  to   space 7680K, 0% used [0x00000000dea80000,0x00000000dea80000,0x00000000df200000)
 ParOldGen       total 86016K, used 5702K [0x0000000082800000, 0x0000000087c00000, 0x00000000d6300000)
  object space 86016K, 6% used [0x0000000082800000,0x0000000082d91aa8,0x0000000087c00000)
 Metaspace       used 20922K, capacity 21134K, committed 21296K, reserved 1069056K
  class space    used 2562K, capacity 2630K, committed 2688K, reserved 1048576K
Event: 13.647 GC heap after
Heap after GC invocations=6 (full 1):
 PSYoungGen      total 70656K, used 0K [0x00000000d6300000, 0x00000000df200000, 0x0000000100000000)
  eden space 65536K, 0% used [0x00000000d6300000,0x00000000d6300000,0x00000000da300000)
  from space 5120K, 0% used [0x00000000da300000,0x00000000da300000,0x00000000da800000)
  to   space 7680K, 0% used [0x00000000dea80000,0x00000000dea80000,0x00000000df200000)
 ParOldGen       total 48640K, used 6466K [0x0000000082800000, 0x0000000085780000, 0x00000000d6300000)
  object space 48640K, 13% used [0x0000000082800000,0x0000000082e50b78,0x0000000085780000)
 Metaspace       used 20922K, capacity 21134K, committed 21296K, reserved 1069056K
  class space    used 2562K, capacity 2630K, committed 2688K, reserved 1048576K
}
Event: 17.495 GC heap before
{Heap before GC invocations=7 (full 1):
 PSYoungGen      total 70656K, used 65536K [0x00000000d6300000, 0x00000000df200000, 0x0000000100000000)
  eden space 65536K, 100% used [0x00000000d6300000,0x00000000da300000,0x00000000da300000)
  from space 5120K, 0% used [0x00000000da300000,0x00000000da300000,0x00000000da800000)
  to   space 7680K, 0% used [0x00000000dea80000,0x00000000dea80000,0x00000000df200000)
 ParOldGen       total 48640K, used 6466K [0x0000000082800000, 0x0000000085780000, 0x00000000d6300000)
  object space 48640K, 13% used [0x0000000082800000,0x0000000082e50b78,0x0000000085780000)
 Metaspace       used 22964K, capacity 23286K, committed 23344K, reserved 1069056K
  class space    used 2836K, capacity 2930K, committed 2944K, reserved 1048576K
Event: 17.547 GC heap after
Heap after GC invocations=7 (full 1):
 PSYoungGen      total 121856K, used 4272K [0x00000000d6300000, 0x00000000def00000, 0x0000000100000000)
  eden space 117248K, 0% used [0x00000000d6300000,0x00000000d6300000,0x00000000dd580000)
  from space 4608K, 92% used [0x00000000dea80000,0x00000000deeac010,0x00000000def00000)
  to   space 8192K, 0% used [0x00000000ddf00000,0x00000000ddf00000,0x00000000de700000)
 ParOldGen       total 48640K, used 6466K [0x0000000082800000, 0x0000000085780000, 0x00000000d6300000)
  object space 48640K, 13% used [0x0000000082800000,0x0000000082e50b78,0x0000000085780000)
 Metaspace       used 22964K, capacity 23286K, committed 23344K, reserved 1069056K
  class space    used 2836K, capacity 2930K, committed 2944K, reserved 1048576K
}
Event: 21.642 GC heap before
{Heap before GC invocations=8 (full 1):
 PSYoungGen      total 121856K, used 121520K [0x00000000d6300000, 0x00000000def00000, 0x0000000100000000)
  eden space 117248K, 100% used [0x00000000d6300000,0x00000000dd580000,0x00000000dd580000)
  from space 4608K, 92% used [0x00000000dea80000,0x00000000deeac010,0x00000000def00000)
  to   space 8192K, 0% used [0x00000000ddf00000,0x00000000ddf00000,0x00000000de700000)
 ParOldGen       total 48640K, used 6466K [0x0000000082800000, 0x0000000085780000, 0x00000000d6300000)
  object space 48640K, 13% used [0x0000000082800000,0x0000000082e50b78,0x0000000085780000)
 Metaspace       used 26472K, capacity 26786K, committed 27008K, reserved 1073152K
  class space    used 3293K, capacity 3396K, committed 3456K, reserved 1048576K
Event: 21.664 GC heap after
Heap after GC invocations=8 (full 1):
 PSYoungGen      total 135168K, used 8165K [0x00000000d6300000, 0x00000000e3d80000, 0x0000000100000000)
  eden space 126976K, 0% used [0x00000000d6300000,0x00000000d6300000,0x00000000ddf00000)
  from space 8192K, 99% used [0x00000000ddf00000,0x00000000de6f9668,0x00000000de700000)
  to   space 9216K, 0% used [0x00000000e3480000,0x00000000e3480000,0x00000000e3d80000)
 ParOldGen       total 48640K, used 7220K [0x0000000082800000, 0x0000000085780000, 0x00000000d6300000)
  object space 48640K, 14% used [0x0000000082800000,0x0000000082f0d098,0x0000000085780000)
 Metaspace       used 26472K, capacity 26786K, committed 27008K, reserved 1073152K
  class space    used 3293K, capacity 3396K, committed 3456K, reserved 1048576K
}

Deoptimization events (10 events):
Event: 23.066 Thread 0x0000000002f09000 Uncommon trap: reason=class_check action=maybe_recompile pc=0x00000000035cda04 method=java.util.AbstractList$Itr.next()Ljava/lang/Object; @ 14
Event: 25.401 Thread 0x0000000002f09000 Uncommon trap: reason=unstable_if action=reinterpret pc=0x0000000003705ac4 method=java.util.LinkedHashMap.get(Ljava/lang/Object;)Ljava/lang/Object; @ 20
Event: 25.401 Thread 0x0000000002f09000 Uncommon trap: reason=unstable_if action=reinterpret pc=0x0000000003930018 method=java.util.LinkedHashMap.afterNodeAccess(Ljava/util/HashMap$Node;)V @ 4
Event: 25.436 Thread 0x0000000002f09000 Uncommon trap: reason=unstable_if action=reinterpret pc=0x00000000032cee0c method=java.util.Properties.loadConvert([CII[C)Ljava/lang/String; @ 57
Event: 25.451 Thread 0x0000000002f09000 Uncommon trap: reason=unstable_if action=reinterpret pc=0x0000000003bd4dc0 method=java.util.Properties.load0(Ljava/util/Properties$LineReader;)V @ 161
Event: 25.961 Thread 0x000000001a0a7800 Uncommon trap: reason=unstable_if action=reinterpret pc=0x00000000036db144 method=java.io.WinNTFileSystem.resolve(Ljava/lang/String;Ljava/lang/String;)Ljava/lang/String; @ 19
Event: 26.483 Thread 0x000000001a0a7800 Uncommon trap: reason=class_check action=maybe_recompile pc=0x0000000003622bf0 method=java.util.zip.InflaterInputStream.read([BII)I @ 100
Event: 26.484 Thread 0x000000001a0a7800 Uncommon trap: reason=class_check action=maybe_recompile pc=0x0000000003622bf0 method=java.util.zip.InflaterInputStream.read([BII)I @ 100
Event: 26.484 Thread 0x000000001a0a7800 Uncommon trap: reason=class_check action=maybe_recompile pc=0x0000000003622bf0 method=java.util.zip.InflaterInputStream.read([BII)I @ 100
Event: 26.484 Thread 0x000000001a0a7800 Uncommon trap: reason=class_check action=maybe_recompile pc=0x0000000003622bf0 method=java.util.zip.InflaterInputStream.read([BII)I @ 100

Classes redefined (0 events):
No events

Internal exceptions (10 events):
Event: 22.984 Thread 0x0000000002f09000 Exception <a 'java/lang/ClassNotFoundException': org/springframework/boot/autoconfigure/web/ErrorViewResolverCustomizer> (0x00000000d8947568) thrown at [C:\re\workspace\8-2-build-windows-amd64-cygwin\jdk8u181\11358\hotspot\src\share\vm\classfile\systemDic
Event: 22.985 Thread 0x0000000002f09000 Exception <a 'java/lang/ClassNotFoundException': org/springframework/core/OrderedCustomizer> (0x00000000d8965670) thrown at [C:\re\workspace\8-2-build-windows-amd64-cygwin\jdk8u181\11358\hotspot\src\share\vm\classfile\systemDictionary.cpp, line 210]
Event: 23.009 Thread 0x0000000002f09000 Exception <a 'java/lang/ClassNotFoundException': java/lang/ObjectCustomizer> (0x00000000d8a1e2f8) thrown at [C:\re\workspace\8-2-build-windows-amd64-cygwin\jdk8u181\11358\hotspot\src\share\vm\classfile\systemDictionary.cpp, line 210]
Event: 23.012 Thread 0x0000000002f09000 Exception <a 'java/lang/ClassNotFoundException': org/springframework/boot/autoconfigure/web/ErrorMvcAutoConfigurationCustomizer> (0x00000000d8a4b848) thrown at [C:\re\workspace\8-2-build-windows-amd64-cygwin\jdk8u181\11358\hotspot\src\share\vm\classfile\s
Event: 23.014 Thread 0x0000000002f09000 Exception <a 'java/lang/ClassNotFoundException': org/springframework/boot/autoconfigure/web/ErrorMvcAutoConfiguration$$EnhancerBySpringCGLIB$$58b8e558Customizer> (0x00000000d8a861c0) thrown at [C:\re\workspace\8-2-build-windows-amd64-cygwin\jdk8u181\11358
Event: 23.016 Thread 0x0000000002f09000 Exception <a 'java/lang/ClassNotFoundException': org/springframework/context/annotation/ConfigurationClassEnhancer$EnhancedConfigurationCustomizer> (0x00000000d8ac1158) thrown at [C:\re\workspace\8-2-build-windows-amd64-cygwin\jdk8u181\11358\hotspot\src\s
Event: 23.040 Thread 0x0000000002f09000 Exception <a 'java/lang/ClassNotFoundException': java/lang/ObjectCustomizer> (0x00000000d8b76ab8) thrown at [C:\re\workspace\8-2-build-windows-amd64-cygwin\jdk8u181\11358\hotspot\src\share\vm\classfile\systemDictionary.cpp, line 210]
Event: 23.042 Thread 0x0000000002f09000 Exception <a 'java/lang/ClassNotFoundException': org/springframework/boot/autoconfigure/web/ErrorMvcAutoConfiguration$ErrorPageCustomizerCustomizer> (0x00000000d8bab9d0) thrown at [C:\re\workspace\8-2-build-windows-amd64-cygwin\jdk8u181\11358\hotspot\src\
Event: 23.045 Thread 0x0000000002f09000 Exception <a 'java/lang/ClassNotFoundException': org/springframework/boot/web/servlet/ErrorPageRegistrarCustomizer> (0x00000000d8bd42a8) thrown at [C:\re\workspace\8-2-build-windows-amd64-cygwin\jdk8u181\11358\hotspot\src\share\vm\classfile\systemDictiona
Event: 23.047 Thread 0x0000000002f09000 Exception <a 'java/lang/ClassNotFoundException': org/springframework/core/OrderedCustomizer> (0x00000000d8bef488) thrown at [C:\re\workspace\8-2-build-windows-amd64-cygwin\jdk8u181\11358\hotspot\src\share\vm\classfile\systemDictionary.cpp, line 210]

Events (10 events):
Event: 26.484 Thread 0x000000001a0a7800 DEOPT PACKING pc=0x0000000003622bf0 sp=0x000000002030dc60
Event: 26.484 Thread 0x000000001a0a7800 DEOPT UNPACKING pc=0x000000000304583b sp=0x000000002030dc78 mode 2
Event: 26.484 Thread 0x000000001a0a7800 Uncommon trap: trap_request=0xffffffde fr.pc=0x0000000003622bf0
Event: 26.484 Thread 0x000000001a0a7800 DEOPT PACKING pc=0x0000000003622bf0 sp=0x000000002030dc60
Event: 26.484 Thread 0x000000001a0a7800 DEOPT UNPACKING pc=0x000000000304583b sp=0x000000002030dc78 mode 2
Event: 26.484 Thread 0x000000001a0a7800 Uncommon trap: trap_request=0xffffffde fr.pc=0x0000000003622bf0
Event: 26.484 Thread 0x000000001a0a7800 DEOPT PACKING pc=0x0000000003622bf0 sp=0x000000002030dc60
Event: 26.484 Thread 0x000000001a0a7800 DEOPT UNPACKING pc=0x000000000304583b sp=0x000000002030dc78 mode 2
Event: 26.485 loading class org/apache/catalina/util/Extension
Event: 26.485 loading class org/apache/catalina/util/Extension done


Dynamic libraries:
0x00007ff762150000 - 0x00007ff762187000 	C:\Users\CeYang\Desktop\JAL\tool\pleiades-2018-09-java-win-64bit-jre_20181004\pleiades\java\8\bin\javaw.exe
0x00007ffdf6780000 - 0x00007ffdf6970000 	C:\WINDOWS\SYSTEM32\ntdll.dll
0x00007ffdf56a0000 - 0x00007ffdf5752000 	C:\WINDOWS\System32\KERNEL32.DLL
0x00007ffdf3770000 - 0x00007ffdf3a13000 	C:\WINDOWS\System32\KERNELBASE.dll
0x00007ffdf5000000 - 0x00007ffdf50a3000 	C:\WINDOWS\System32\ADVAPI32.dll
0x00007ffdf5fc0000 - 0x00007ffdf605e000 	C:\WINDOWS\System32\msvcrt.dll
0x00007ffdf63d0000 - 0x00007ffdf6467000 	C:\WINDOWS\System32\sechost.dll
0x00007ffdf6470000 - 0x00007ffdf6590000 	C:\WINDOWS\System32\RPCRT4.dll
0x00007ffdf5e20000 - 0x00007ffdf5fb4000 	C:\WINDOWS\System32\USER32.dll
0x00007ffdf3bc0000 - 0x00007ffdf3be1000 	C:\WINDOWS\System32\win32u.dll
0x00007ffdf6090000 - 0x00007ffdf60b6000 	C:\WINDOWS\System32\GDI32.dll
0x00007ffdf3e10000 - 0x00007ffdf3fa4000 	C:\WINDOWS\System32\gdi32full.dll
0x00007ffdf3d70000 - 0x00007ffdf3e0e000 	C:\WINDOWS\System32\msvcp_win.dll
0x00007ffdf3bf0000 - 0x00007ffdf3cea000 	C:\WINDOWS\System32\ucrtbase.dll
0x00007ffddc700000 - 0x00007ffddc985000 	C:\WINDOWS\WinSxS\amd64_microsoft.windows.common-controls_6595b64144ccf1df_6.0.18362.778_none_e6c6b761130d4fb8\COMCTL32.dll
0x00007ffdf5260000 - 0x00007ffdf5596000 	C:\WINDOWS\System32\combase.dll
0x00007ffdf3cf0000 - 0x00007ffdf3d70000 	C:\WINDOWS\System32\bcryptPrimitives.dll
0x00007ffdf6060000 - 0x00007ffdf608e000 	C:\WINDOWS\System32\IMM32.DLL
0x0000000050e30000 - 0x0000000050f02000 	C:\Users\CeYang\Desktop\JAL\tool\pleiades-2018-09-java-win-64bit-jre_20181004\pleiades\java\8\jre\bin\msvcr100.dll
0x0000000050580000 - 0x0000000050e22000 	C:\Users\CeYang\Desktop\JAL\tool\pleiades-2018-09-java-win-64bit-jre_20181004\pleiades\java\8\jre\bin\server\jvm.dll
0x00007ffdf60c0000 - 0x00007ffdf60c8000 	C:\WINDOWS\System32\PSAPI.DLL
0x00007ffdef790000 - 0x00007ffdef7b4000 	C:\WINDOWS\SYSTEM32\WINMM.dll
0x00007ffde4f10000 - 0x00007ffde4f1a000 	C:\WINDOWS\SYSTEM32\VERSION.dll
0x00007ffdcbfd0000 - 0x00007ffdcbfd9000 	C:\WINDOWS\SYSTEM32\WSOCK32.dll
0x00007ffdef760000 - 0x00007ffdef78d000 	C:\WINDOWS\SYSTEM32\winmmbase.dll
0x00007ffdf6360000 - 0x00007ffdf63cf000 	C:\WINDOWS\System32\WS2_32.dll
0x00007ffdf3a20000 - 0x00007ffdf3a6a000 	C:\WINDOWS\System32\cfgmgr32.dll
0x0000000051ce0000 - 0x0000000051cef000 	C:\Users\CeYang\Desktop\JAL\tool\pleiades-2018-09-java-win-64bit-jre_20181004\pleiades\java\8\jre\bin\verify.dll
0x0000000051cb0000 - 0x0000000051cd9000 	C:\Users\CeYang\Desktop\JAL\tool\pleiades-2018-09-java-win-64bit-jre_20181004\pleiades\java\8\jre\bin\java.dll
0x0000000051c90000 - 0x0000000051ca6000 	C:\Users\CeYang\Desktop\JAL\tool\pleiades-2018-09-java-win-64bit-jre_20181004\pleiades\java\8\jre\bin\zip.dll
0x00007ffdf4830000 - 0x00007ffdf4f15000 	C:\WINDOWS\System32\SHELL32.dll
0x00007ffdf5d60000 - 0x00007ffdf5e09000 	C:\WINDOWS\System32\shcore.dll
0x00007ffdf4090000 - 0x00007ffdf4810000 	C:\WINDOWS\System32\windows.storage.dll
0x00007ffdf36e0000 - 0x00007ffdf3703000 	C:\WINDOWS\System32\profapi.dll
0x00007ffdf3690000 - 0x00007ffdf36da000 	C:\WINDOWS\System32\powrprof.dll
0x00007ffdf3640000 - 0x00007ffdf3650000 	C:\WINDOWS\System32\UMPDC.dll
0x00007ffdf60d0000 - 0x00007ffdf6122000 	C:\WINDOWS\System32\shlwapi.dll
0x00007ffdf3670000 - 0x00007ffdf3681000 	C:\WINDOWS\System32\kernel.appcore.dll
0x00007ffdf4810000 - 0x00007ffdf4827000 	C:\WINDOWS\System32\cryptsp.dll
0x0000000051c60000 - 0x0000000051c7a000 	C:\Users\CeYang\Desktop\JAL\tool\pleiades-2018-09-java-win-64bit-jre_20181004\pleiades\java\8\jre\bin\net.dll
0x00007ffdf2e60000 - 0x00007ffdf2ec7000 	C:\WINDOWS\system32\mswsock.dll
0x00007ffdf2b80000 - 0x00007ffdf2bba000 	C:\WINDOWS\SYSTEM32\IPHLPAPI.DLL
0x00007ffdf5e10000 - 0x00007ffdf5e18000 	C:\WINDOWS\System32\NSI.dll
0x00007ffde5970000 - 0x00007ffde5986000 	C:\WINDOWS\SYSTEM32\dhcpcsvc6.DLL
0x00007ffde5950000 - 0x00007ffde596c000 	C:\WINDOWS\SYSTEM32\dhcpcsvc.DLL
0x00007ffdf2bc0000 - 0x00007ffdf2c8a000 	C:\WINDOWS\SYSTEM32\DNSAPI.dll
0x0000000051c80000 - 0x0000000051c8d000 	C:\Users\CeYang\Desktop\JAL\tool\pleiades-2018-09-java-win-64bit-jre_20181004\pleiades\java\8\jre\bin\management.dll
0x00007ffdd2050000 - 0x00007ffdd2066000 	C:\WINDOWS\system32\napinsp.dll
0x00007ffdd1b80000 - 0x00007ffdd1b9a000 	C:\WINDOWS\system32\pnrpnsp.dll
0x00007ffdd1b70000 - 0x00007ffdd1b7e000 	C:\WINDOWS\System32\winrnr.dll
0x00007ffdeee30000 - 0x00007ffdeee4c000 	C:\WINDOWS\system32\NLAapi.dll
0x00007ffdec910000 - 0x00007ffdec925000 	C:\WINDOWS\system32\wshbth.dll
0x00007ffde1ae0000 - 0x00007ffde1aea000 	C:\Windows\System32\rasadhlp.dll
0x00007ffde5000000 - 0x00007ffde5077000 	C:\WINDOWS\System32\fwpuclnt.dll
0x00007ffdf3fb0000 - 0x00007ffdf3fd6000 	C:\WINDOWS\System32\bcrypt.dll
0x0000000051c40000 - 0x0000000051c51000 	C:\Users\CeYang\Desktop\JAL\tool\pleiades-2018-09-java-win-64bit-jre_20181004\pleiades\java\8\jre\bin\nio.dll
0x00007ffdf2770000 - 0x00007ffdf27a3000 	C:\WINDOWS\system32\rsaenh.dll
0x00007ffdf3530000 - 0x00007ffdf3555000 	C:\WINDOWS\SYSTEM32\USERENV.dll
0x00007ffdf2fe0000 - 0x00007ffdf2fec000 	C:\WINDOWS\SYSTEM32\CRYPTBASE.dll

VM Arguments:
jvm_args: -Dfile.encoding=UTF-8 
java_command: com.iiht.emart.items.ItemsApplication
java_class_path (initial): C:\Users\CeYang\Desktop\JAL\tool\pleiades-2018-09-java-win-64bit-jre_20181004\pleiades\java\8\jre\lib\resources.jar;C:\Users\CeYang\Desktop\JAL\tool\pleiades-2018-09-java-win-64bit-jre_20181004\pleiades\java\8\jre\lib\rt.jar;C:\Users\CeYang\Desktop\JAL\tool\pleiades-2018-09-java-win-64bit-jre_20181004\pleiades\java\8\jre\lib\jsse.jar;C:\Users\CeYang\Desktop\JAL\tool\pleiades-2018-09-java-win-64bit-jre_20181004\pleiades\java\8\jre\lib\jce.jar;C:\Users\CeYang\Desktop\JAL\tool\pleiades-2018-09-java-win-64bit-jre_20181004\pleiades\java\8\jre\lib\charsets.jar;C:\Users\CeYang\Desktop\JAL\tool\pleiades-2018-09-java-win-64bit-jre_20181004\pleiades\java\8\jre\lib\jfr.jar;C:\Users\CeYang\Desktop\JAL\tool\pleiades-2018-09-java-win-64bit-jre_20181004\pleiades\java\8\jre\lib\ext\access-bridge-64.jar;C:\Users\CeYang\Desktop\JAL\tool\pleiades-2018-09-java-win-64bit-jre_20181004\pleiades\java\8\jre\lib\ext\cldrdata.jar;C:\Users\CeYang\Desktop\JAL\tool\pleiades-2018-09-java-win-64bit-jre_20181004\pleiades\java\8\jre\lib\ext\dnsns.jar;C:\Users\CeYang\Desktop\JAL\tool\pleiades-2018-09-java-win-64bit-jre_20181004\pleiades\java\8\jre\lib\ext\jaccess.jar;C:\Users\CeYang\Desktop\JAL\tool\pleiades-2018-09-java-win-64bit-jre_20181004\pleiades\java\8\jre\lib\ext\jfxrt.jar;C:\Users\CeYang\Desktop\JAL\tool\pleiades-2018-09-java-win-64bit-jre_20181004\pleiades\java\8\jre\lib\ext\localedata.jar;C:\Users\CeYang\Desktop\JAL\tool\pleiades-2018-09-java-win-64bit-jre_20181004\pleiades\java\8\jre\lib\ext\nashorn.jar;C:\Users\CeYang\Desktop\JAL\tool\pleiades-2018-09-java-win-64bit-jre_20181004\pleiades\java\8\jre\lib\ext\sunec.jar;C:\Users\CeYang\Desktop\JAL\tool\pleiades-2018-09-java-win-64bit-jre_20181004\pleiades\java\8\jre\lib\ext\sunjce_provider.jar;C:\Users\CeYang\Desktop\JAL\tool\pleiades-2018-09-java-win-64bit-jre_20181004\pleiades\java\8\jre\lib\ext\sunmscapi.jar;C:\Users\CeYang\Desktop\JAL\tool\pleiades-2018-09-java-win-64bit-jre_20181004\pleiades\java\8\jre\lib\e
Launcher Type: SUN_STANDARD

Environment Variables:
CLASSPATH=C:\Program Files\IBM\WebSphere MQ\java\lib\com.ibm.mqjms.jar;C:\Program Files\IBM\WebSphere MQ\java\lib\com.ibm.mq.jar
PATH=C:/Users/CeYang/Desktop/JAL/tool/pleiades-2018-09-java-win-64bit-jre_20181004/pleiades/eclipse/jre/bin/../jre/bin/server;C:/Users/CeYang/Desktop/JAL/tool/pleiades-2018-09-java-win-64bit-jre_20181004/pleiades/eclipse/jre/bin/../jre/bin;C:/Users/CeYang/Desktop/JAL/tool/pleiades-2018-09-java-win-64bit-jre_20181004/pleiades/eclipse/jre/bin/../jre/lib/amd64;C:\Program Files\IBM\WebSphere MQ\java\lib;C:\Program Files\IBM\WebSphere MQ\java\lib64;C:\ProgramData\DockerDesktop\version-bin;C:\Program Files\Docker\Docker\Resources\bin;C:\oracle\product\10.2.0\client_1\bin;C:\ProgramData\Oracle\Java\javapath;C:\WINDOWS\system32;C:\WINDOWS;C:\WINDOWS\System32\Wbem;C:\WINDOWS\System32\WindowsPowerShell\v1.0\;C:\WINDOWS\System32\OpenSSH\;C:\Program Files\TortoiseSVN\bin;C:\Program Files\Git\cmd;C:\Program Files\Microsoft VS Code\bin;C:\Program Files (x86)\Intel\Intel(R) Management Engine Components\DAL;C:\Program Files\Intel\Intel(R) Management Engine Components\DAL;C:\Program Files\Intel\WiFi\bin\;C:\Program Files\Common Files\Intel\WirelessCommon\;C:\Program Files\IBM\WebSphere MQ\bin64;C:\Program Files\IBM\WebSphere MQ\bin;C:\Program Files\IBM\WebSphere MQ\tools\c\samples\bin;C:\Program Files\nodejs\;C:\Program Files\MySQL\MySQL Shell 8.0\bin\;C:\Users\CeYang\Desktop\Full stack\mysql\bin;C:\Users\CeYang\Desktop\JAL\tool\pleiades-2018-09-java-win-64bit-jre_20181004\pleiades\eclipse;
USERNAME=CeYang
OS=Windows_NT
PROCESSOR_IDENTIFIER=Intel64 Family 6 Model 142 Stepping 9, GenuineIntel



---------------  S Y S T E M  ---------------

OS: Windows 10.0 , 64 bit Build 18362 (10.0.18362.778)

CPU:total 4 (initial active 4) (2 cores per cpu, 2 threads per core) family 6 model 142 stepping 9, cmov, cx8, fxsr, mmx, sse, sse2, sse3, ssse3, sse4.1, sse4.2, popcnt, avx, avx2, aes, clmul, erms, rtm, 3dnowpref, lzcnt, ht, tsc, tscinvbit, bmi1, bmi2, adx

Memory: 4k page, physical 8224516k(511992k free), swap 33390340k(1504k free)

vm_info: Java HotSpot(TM) 64-Bit Server VM (25.181-b13) for windows-amd64 JRE (1.8.0_181-b13), built on Jul  7 2018 04:01:33 by "java_re" with MS VC++ 10.0 (VS2010)

time: Fri May 15 00:00:11 2020
elapsed time: 29 seconds (0d 0h 0m 29s)

