#
# There is insufficient memory for the Java Runtime Environment to continue.
# Native memory allocation (malloc) failed to allocate 262160 bytes for Chunk::new
# Possible reasons:
#   The system is out of physical RAM or swap space
#   In 32 bit mode, the process size limit was hit
# Possible solutions:
#   Reduce memory load on the system
#   Increase physical memory or swap space
#   Check if swap backing store is full
#   Use 64 bit Java on a 64 bit OS
#   Decrease Java heap size (-Xmx/-Xms)
#   Decrease number of Java threads
#   Decrease Java thread stack sizes (-Xss)
#   Set larger code cache with -XX:ReservedCodeCacheSize=
# This output file may be truncated or incomplete.
#
#  Out of Memory Error (allocation.cpp:390), pid=32708, tid=0x0000000000001a90
#
# JRE version: Java(TM) SE Runtime Environment (8.0_181-b13) (build 1.8.0_181-b13)
# Java VM: Java HotSpot(TM) 64-Bit Server VM (25.181-b13 mixed mode windows-amd64 compressed oops)
# Failed to write core dump. Minidumps are not enabled by default on client versions of Windows
#

---------------  T H R E A D  ---------------

Current thread (0x0000000019700800):  JavaThread "C2 CompilerThread0" daemon [_thread_in_native, id=6800, stack(0x0000000019b00000,0x0000000019c00000)]

Stack: [0x0000000019b00000,0x0000000019c00000]
[error occurred during error reporting (printing stack bounds), id 0xc0000005]

Native frames: (J=compiled Java code, j=interpreted, Vv=VM code, C=native code)


Current CompileTask:
C2:  55376 5543   !   4       java.net.URLClassLoader$1::run (63 bytes)


---------------  P R O C E S S  ---------------

Java Threads: ( => current thread )
  0x000000001c76f000 JavaThread "DestroyJavaVM" [_thread_blocked, id=3408, stack(0x0000000003450000,0x0000000003550000)]
  0x000000001c773800 JavaThread "http-nio-8083-AsyncTimeout" daemon [_thread_blocked, id=20280, stack(0x0000000023600000,0x0000000023700000)]
  0x000000001c771800 JavaThread "http-nio-8083-Acceptor-0" daemon [_thread_in_native, id=31180, stack(0x0000000023500000,0x0000000023600000)]
  0x000000001c775000 JavaThread "http-nio-8083-ClientPoller-1" daemon [_thread_in_native, id=25480, stack(0x0000000023400000,0x0000000023500000)]
  0x000000001c770800 JavaThread "http-nio-8083-ClientPoller-0" daemon [_thread_in_native, id=32032, stack(0x0000000023300000,0x0000000023400000)]
  0x000000001c773000 JavaThread "http-nio-8083-exec-10" daemon [_thread_blocked, id=36560, stack(0x0000000023200000,0x0000000023300000)]
  0x000000001c76e000 JavaThread "http-nio-8083-exec-9" daemon [_thread_in_native, id=8344, stack(0x0000000023100000,0x0000000023200000)]
  0x000000001efc7000 JavaThread "http-nio-8083-exec-8" daemon [_thread_blocked, id=35640, stack(0x0000000023000000,0x0000000023100000)]
  0x000000001efc6000 JavaThread "http-nio-8083-exec-7" daemon [_thread_blocked, id=35076, stack(0x0000000022f00000,0x0000000023000000)]
  0x000000001efc5800 JavaThread "http-nio-8083-exec-6" daemon [_thread_blocked, id=26716, stack(0x0000000022e00000,0x0000000022f00000)]
  0x000000001efc4000 JavaThread "http-nio-8083-exec-5" daemon [_thread_blocked, id=21832, stack(0x0000000022d00000,0x0000000022e00000)]
  0x000000001efca000 JavaThread "http-nio-8083-exec-4" daemon [_thread_blocked, id=14728, stack(0x0000000022c00000,0x0000000022d00000)]
  0x000000001efc9000 JavaThread "http-nio-8083-exec-3" daemon [_thread_blocked, id=32636, stack(0x0000000022b00000,0x0000000022c00000)]
  0x000000001efc7800 JavaThread "http-nio-8083-exec-2" daemon [_thread_blocked, id=35992, stack(0x0000000022a00000,0x0000000022b00000)]
  0x000000001efc4800 JavaThread "http-nio-8083-exec-1" daemon [_thread_blocked, id=34852, stack(0x0000000022900000,0x0000000022a00000)]
  0x000000001efc8800 JavaThread "NioBlockingSelector.BlockPoller-1" daemon [_thread_in_native, id=35520, stack(0x0000000022800000,0x0000000022900000)]
  0x000000001efc3000 JavaThread "spring.cloud.inetutils" daemon [_thread_blocked, id=16140, stack(0x0000000021220000,0x0000000021320000)]
  0x000000001ab09000 JavaThread "mysql-cj-abandoned-connection-cleanup" daemon [_thread_blocked, id=31884, stack(0x0000000020120000,0x0000000020220000)]
  0x000000001c99d800 JavaThread "Tomcat JDBC Pool Cleaner[705927765:1589472164867]" daemon [_thread_blocked, id=2492, stack(0x0000000020020000,0x0000000020120000)]
  0x000000001c9a7000 JavaThread "container-0" [_thread_blocked, id=34116, stack(0x000000001ff20000,0x0000000020020000)]
  0x000000001d403800 JavaThread "ContainerBackgroundProcessor[StandardEngine[Tomcat]]" daemon [_thread_blocked, id=32956, stack(0x000000001ee50000,0x000000001ef50000)]
  0x000000001977a800 JavaThread "Service Thread" daemon [_thread_blocked, id=31404, stack(0x0000000019e00000,0x0000000019f00000)]
  0x0000000019766000 JavaThread "C1 CompilerThread2" daemon [_thread_blocked, id=36304, stack(0x0000000019d00000,0x0000000019e00000)]
  0x0000000019753000 JavaThread "C2 CompilerThread1" daemon [_thread_in_native, id=6844, stack(0x0000000019c00000,0x0000000019d00000)]
=>0x0000000019700800 JavaThread "C2 CompilerThread0" daemon [_thread_in_native, id=6800, stack(0x0000000019b00000,0x0000000019c00000)]
  0x0000000018107000 JavaThread "Attach Listener" daemon [_thread_blocked, id=29168, stack(0x0000000019600000,0x0000000019700000)]
  0x0000000018106800 JavaThread "Signal Dispatcher" daemon [_thread_blocked, id=33884, stack(0x0000000019500000,0x0000000019600000)]
  0x000000000364e800 JavaThread "Finalizer" daemon [_thread_blocked, id=35552, stack(0x0000000019360000,0x0000000019460000)]
  0x00000000180b9000 JavaThread "Reference Handler" daemon [_thread_blocked, id=3716, stack(0x0000000019260000,0x0000000019360000)]

Other Threads:
  0x00000000180b6800 VMThread [stack: 0x0000000019160000,0x0000000019260000] [id=17788]
  0x0000000019850000 WatcherThread [stack: 0x0000000019f00000,0x000000001a000000] [id=36648]

VM state:not at safepoint (normal execution)

VM Mutex/Monitor currently owned by a thread: None

Heap:
 PSYoungGen      total 278016K, used 38095K [0x00000000d6300000, 0x00000000ebf00000, 0x0000000100000000)
  eden space 261120K, 11% used [0x00000000d6300000,0x00000000d809df48,0x00000000e6200000)
  from space 16896K, 45% used [0x00000000e6200000,0x00000000e6996018,0x00000000e7280000)
  to   space 16384K, 0% used [0x00000000eaf00000,0x00000000eaf00000,0x00000000ebf00000)
 ParOldGen       total 83968K, used 32468K [0x0000000082800000, 0x0000000087a00000, 0x00000000d6300000)
  object space 83968K, 38% used [0x0000000082800000,0x00000000847b5120,0x0000000087a00000)
 Metaspace       used 55194K, capacity 55784K, committed 56192K, reserved 1097728K
  class space    used 7085K, capacity 7238K, committed 7296K, reserved 1048576K

Card table byte_map: [0x0000000012a10000,0x0000000012e00000] byte_map_base: 0x00000000125fc000

Marking Bits: (ParMarkBitMap*) 0x0000000050da2d00
 Begin Bits: [0x00000000134a0000, 0x0000000015400000)
 End Bits:   [0x0000000015400000, 0x0000000017360000)

Polling page: 0x0000000001330000

CodeCache: size=245760Kb used=17698Kb max_used=18648Kb free=228061Kb
 bounds [0x0000000003650000, 0x00000000048d0000, 0x0000000012650000]
 total_blobs=5197 nmethods=4652 adapters=457
 compilation: enabled

Compilation events (10 events):
Event: 54.955 Thread 0x0000000019700800 nmethod 5540 0x0000000003924ed0 code [0x0000000003925040, 0x0000000003925498]
Event: 54.976 Thread 0x0000000019766000 5542       1       antlr.BaseAST::getNextSibling (5 bytes)
Event: 54.976 Thread 0x0000000019766000 nmethod 5542 0x0000000003ccfb10 code [0x0000000003ccfc60, 0x0000000003ccfd70]
Event: 55.106 Thread 0x0000000019700800 5543   !   4       java.net.URLClassLoader$1::run (63 bytes)
Event: 55.287 Thread 0x0000000019766000 5544       3       ch.qos.logback.classic.Logger::log (21 bytes)
Event: 55.287 Thread 0x0000000019766000 nmethod 5544 0x0000000003980d50 code [0x0000000003980ec0, 0x00000000039810b8]
Event: 55.287 Thread 0x0000000019766000 5545       3       ch.qos.logback.classic.Level::fromLocationAwareLoggerInteger (116 bytes)
Event: 55.288 Thread 0x0000000019766000 nmethod 5545 0x00000000045d9bd0 code [0x00000000045d9de0, 0x00000000045da828]
Event: 55.292 Thread 0x0000000019766000 5547 %     3       sun.misc.ProxyGenerator$ConstantPool::write @ 34 (64 bytes)
Event: 55.293 Thread 0x0000000019766000 nmethod 5547% 0x0000000003b9ba50 code [0x0000000003b9bc80, 0x0000000003b9c948]

GC Heap History (10 events):
Event: 11.561 GC heap before
{Heap before GC invocations=9 (full 1):
 PSYoungGen      total 135168K, used 135147K [0x00000000d6300000, 0x00000000e3200000, 0x0000000100000000)
  eden space 126976K, 100% used [0x00000000d6300000,0x00000000ddf00000,0x00000000ddf00000)
  from space 8192K, 99% used [0x00000000ddf00000,0x00000000de6facf0,0x00000000de700000)
  to   space 9216K, 0% used [0x00000000e2900000,0x00000000e2900000,0x00000000e3200000)
 ParOldGen       total 49664K, used 6872K [0x0000000082800000, 0x0000000085880000, 0x00000000d6300000)
  object space 49664K, 13% used [0x0000000082800000,0x0000000082eb6110,0x0000000085880000)
 Metaspace       used 30642K, capacity 31000K, committed 31104K, reserved 1077248K
  class space    used 3816K, capacity 3917K, committed 3968K, reserved 1048576K
Event: 11.578 GC heap after
Heap after GC invocations=9 (full 1):
 PSYoungGen      total 199680K, used 9205K [0x00000000d6300000, 0x00000000e4980000, 0x0000000100000000)
  eden space 190464K, 0% used [0x00000000d6300000,0x00000000d6300000,0x00000000e1d00000)
  from space 9216K, 99% used [0x00000000e2900000,0x00000000e31fd6f8,0x00000000e3200000)
  to   space 12288K, 0% used [0x00000000e1d00000,0x00000000e1d00000,0x00000000e2900000)
 ParOldGen       total 49664K, used 12449K [0x0000000082800000, 0x0000000085880000, 0x00000000d6300000)
  object space 49664K, 25% used [0x0000000082800000,0x0000000083428460,0x0000000085880000)
 Metaspace       used 30642K, capacity 31000K, committed 31104K, reserved 1077248K
  class space    used 3816K, capacity 3917K, committed 3968K, reserved 1048576K
}
Event: 12.883 GC heap before
{Heap before GC invocations=10 (full 1):
 PSYoungGen      total 199680K, used 90805K [0x00000000d6300000, 0x00000000e4980000, 0x0000000100000000)
  eden space 190464K, 42% used [0x00000000d6300000,0x00000000db2b0090,0x00000000e1d00000)
  from space 9216K, 99% used [0x00000000e2900000,0x00000000e31fd6f8,0x00000000e3200000)
  to   space 12288K, 0% used [0x00000000e1d00000,0x00000000e1d00000,0x00000000e2900000)
 ParOldGen       total 49664K, used 12449K [0x0000000082800000, 0x0000000085880000, 0x00000000d6300000)
  object space 49664K, 25% used [0x0000000082800000,0x0000000083428460,0x0000000085880000)
 Metaspace       used 34853K, capacity 35338K, committed 35456K, reserved 1081344K
  class space    used 4303K, capacity 4463K, committed 4480K, reserved 1048576K
Event: 12.907 GC heap after
Heap after GC invocations=10 (full 1):
 PSYoungGen      total 202752K, used 12079K [0x00000000d6300000, 0x00000000e8300000, 0x0000000100000000)
  eden space 190464K, 0% used [0x00000000d6300000,0x00000000d6300000,0x00000000e1d00000)
  from space 12288K, 98% used [0x00000000e1d00000,0x00000000e28cbfa0,0x00000000e2900000)
  to   space 13824K, 0% used [0x00000000e7580000,0x00000000e7580000,0x00000000e8300000)
 ParOldGen       total 49664K, used 14357K [0x0000000082800000, 0x0000000085880000, 0x00000000d6300000)
  object space 49664K, 28% used [0x0000000082800000,0x0000000083605778,0x0000000085880000)
 Metaspace       used 34853K, capacity 35338K, committed 35456K, reserved 1081344K
  class space    used 4303K, capacity 4463K, committed 4480K, reserved 1048576K
}
Event: 12.907 GC heap before
{Heap before GC invocations=11 (full 2):
 PSYoungGen      total 202752K, used 12079K [0x00000000d6300000, 0x00000000e8300000, 0x0000000100000000)
  eden space 190464K, 0% used [0x00000000d6300000,0x00000000d6300000,0x00000000e1d00000)
  from space 12288K, 98% used [0x00000000e1d00000,0x00000000e28cbfa0,0x00000000e2900000)
  to   space 13824K, 0% used [0x00000000e7580000,0x00000000e7580000,0x00000000e8300000)
 ParOldGen       total 49664K, used 14357K [0x0000000082800000, 0x0000000085880000, 0x00000000d6300000)
  object space 49664K, 28% used [0x0000000082800000,0x0000000083605778,0x0000000085880000)
 Metaspace       used 34853K, capacity 35338K, committed 35456K, reserved 1081344K
  class space    used 4303K, capacity 4463K, committed 4480K, reserved 1048576K
Event: 13.049 GC heap after
Heap after GC invocations=11 (full 2):
 PSYoungGen      total 202752K, used 0K [0x00000000d6300000, 0x00000000e8300000, 0x0000000100000000)
  eden space 190464K, 0% used [0x00000000d6300000,0x00000000d6300000,0x00000000e1d00000)
  from space 12288K, 0% used [0x00000000e1d00000,0x00000000e1d00000,0x00000000e2900000)
  to   space 13824K, 0% used [0x00000000e7580000,0x00000000e7580000,0x00000000e8300000)
 ParOldGen       total 83968K, used 21468K [0x0000000082800000, 0x0000000087a00000, 0x00000000d6300000)
  object space 83968K, 25% used [0x0000000082800000,0x0000000083cf7070,0x0000000087a00000)
 Metaspace       used 34853K, capacity 35338K, committed 35456K, reserved 1081344K
  class space    used 4303K, capacity 4463K, committed 4480K, reserved 1048576K
}
Event: 17.000 GC heap before
{Heap before GC invocations=12 (full 2):
 PSYoungGen      total 202752K, used 190464K [0x00000000d6300000, 0x00000000e8300000, 0x0000000100000000)
  eden space 190464K, 100% used [0x00000000d6300000,0x00000000e1d00000,0x00000000e1d00000)
  from space 12288K, 0% used [0x00000000e1d00000,0x00000000e1d00000,0x00000000e2900000)
  to   space 13824K, 0% used [0x00000000e7580000,0x00000000e7580000,0x00000000e8300000)
 ParOldGen       total 83968K, used 21468K [0x0000000082800000, 0x0000000087a00000, 0x00000000d6300000)
  object space 83968K, 25% used [0x0000000082800000,0x0000000083cf7070,0x0000000087a00000)
 Metaspace       used 48517K, capacity 49086K, committed 49408K, reserved 1091584K
  class space    used 6249K, capacity 6387K, committed 6400K, reserved 1048576K
Event: 17.035 GC heap after
Heap after GC invocations=12 (full 2):
 PSYoungGen      total 265216K, used 13822K [0x00000000d6300000, 0x00000000e8300000, 0x0000000100000000)
  eden space 251392K, 0% used [0x00000000d6300000,0x00000000d6300000,0x00000000e5880000)
  from space 13824K, 99% used [0x00000000e7580000,0x00000000e82ffa28,0x00000000e8300000)
  to   space 16896K, 0% used [0x00000000e6200000,0x00000000e6200000,0x00000000e7280000)
 ParOldGen       total 83968K, used 25937K [0x0000000082800000, 0x0000000087a00000, 0x00000000d6300000)
  object space 83968K, 30% used [0x0000000082800000,0x0000000084154538,0x0000000087a00000)
 Metaspace       used 48517K, capacity 49086K, committed 49408K, reserved 1091584K
  class space    used 6249K, capacity 6387K, committed 6400K, reserved 1048576K
}
Event: 26.366 GC heap before
{Heap before GC invocations=13 (full 2):
 PSYoungGen      total 265216K, used 265214K [0x00000000d6300000, 0x00000000e8300000, 0x0000000100000000)
  eden space 251392K, 100% used [0x00000000d6300000,0x00000000e5880000,0x00000000e5880000)
  from space 13824K, 99% used [0x00000000e7580000,0x00000000e82ffa28,0x00000000e8300000)
  to   space 16896K, 0% used [0x00000000e6200000,0x00000000e6200000,0x00000000e7280000)
 ParOldGen       total 83968K, used 25937K [0x0000000082800000, 0x0000000087a00000, 0x00000000d6300000)
  object space 83968K, 30% used [0x0000000082800000,0x0000000084154538,0x0000000087a00000)
 Metaspace       used 52802K, capacity 53372K, committed 53888K, reserved 1095680K
  class space    used 6810K, capacity 6948K, committed 7040K, reserved 1048576K
Event: 26.402 GC heap after
Heap after GC invocations=13 (full 2):
 PSYoungGen      total 278016K, used 7768K [0x00000000d6300000, 0x00000000ebf00000, 0x0000000100000000)
  eden space 261120K, 0% used [0x00000000d6300000,0x00000000d6300000,0x00000000e6200000)
  from space 16896K, 45% used [0x00000000e6200000,0x00000000e6996018,0x00000000e7280000)
  to   space 16384K, 0% used [0x00000000eaf00000,0x00000000eaf00000,0x00000000ebf00000)
 ParOldGen       total 83968K, used 32468K [0x0000000082800000, 0x0000000087a00000, 0x00000000d6300000)
  object space 83968K, 38% used [0x0000000082800000,0x00000000847b5120,0x0000000087a00000)
 Metaspace       used 52802K, capacity 53372K, committed 53888K, reserved 1095680K
  class space    used 6810K, capacity 6948K, committed 7040K, reserved 1048576K
}

Deoptimization events (10 events):
Event: 23.774 Thread 0x0000000003559000 Uncommon trap: reason=class_check action=maybe_recompile pc=0x000000000386ba20 method=java.lang.String.equals(Ljava/lang/Object;)Z @ 8
Event: 24.375 Thread 0x0000000003559000 Uncommon trap: reason=unstable_if action=reinterpret pc=0x0000000004845f74 method=org.springframework.cglib.core.CodeEmitter.emit_invoke(ILorg/springframework/asm/Type;Lorg/springframework/cglib/core/Signature;)V @ 24
Event: 53.786 Thread 0x000000001c76e000 Uncommon trap: reason=unstable_if action=reinterpret pc=0x000000000476bd34 method=java.util.concurrent.ConcurrentHashMap.putVal(Ljava/lang/Object;Ljava/lang/Object;Z)Ljava/lang/Object; @ 98
Event: 54.522 Thread 0x000000001c76e000 Uncommon trap: reason=unstable_if action=reinterpret pc=0x000000000444a5a4 method=java.util.StringTokenizer.scanToken(I)I @ 96
Event: 54.666 Thread 0x000000001c76e000 Uncommon trap: reason=bimorphic action=maybe_recompile pc=0x000000000432bc3c method=java.util.Hashtable.addEntry(ILjava/lang/Object;Ljava/lang/Object;I)V @ 38
Event: 54.667 Thread 0x000000001c76e000 Uncommon trap: reason=bimorphic action=maybe_recompile pc=0x000000000432bc3c method=java.util.Hashtable.addEntry(ILjava/lang/Object;Ljava/lang/Object;I)V @ 38
Event: 54.667 Thread 0x000000001c76e000 Uncommon trap: reason=bimorphic action=maybe_recompile pc=0x000000000432bc3c method=java.util.Hashtable.addEntry(ILjava/lang/Object;Ljava/lang/Object;I)V @ 38
Event: 54.707 Thread 0x000000001c76e000 Uncommon trap: reason=unstable_if action=reinterpret pc=0x0000000003767880 method=java.lang.CharacterData.of(I)Ljava/lang/CharacterData; @ 4
Event: 55.155 Thread 0x000000001c76e000 Uncommon trap: reason=unstable_if action=reinterpret pc=0x0000000003ff3084 method=java.lang.String.indexOf([CII[CIII)I @ 27
Event: 55.155 Thread 0x000000001c76e000 Uncommon trap: reason=unstable_if action=reinterpret pc=0x000000000396c214 method=java.lang.String.indexOf([CII[CIII)I @ 27

Classes redefined (0 events):
No events

Internal exceptions (10 events):
Event: 54.039 Thread 0x000000001c76e000 Exception <a 'java/lang/ClassNotFoundException': org/springframework/web/servlet/theme/AbstractThemeResolverCustomizer> (0x00000000d6fb04f0) thrown at [C:\re\workspace\8-2-build-windows-amd64-cygwin\jdk8u181\11358\hotspot\src\share\vm\classfile\systemDict
Event: 54.042 Thread 0x000000001c76e000 Exception <a 'java/lang/ClassNotFoundException': org/springframework/web/servlet/theme/FixedThemeResolverCustomizer> (0x00000000d6fda6a8) thrown at [C:\re\workspace\8-2-build-windows-amd64-cygwin\jdk8u181\11358\hotspot\src\share\vm\classfile\systemDiction
Event: 54.051 Thread 0x000000001c76e000 Exception <a 'java/lang/ClassNotFoundException': org/springframework/web/servlet/ThemeResolverCustomizer> (0x00000000d7000438) thrown at [C:\re\workspace\8-2-build-windows-amd64-cygwin\jdk8u181\11358\hotspot\src\share\vm\classfile\systemDictionary.cpp, li
Event: 54.085 Thread 0x000000001c76e000 Exception <a 'java/lang/ClassNotFoundException': java/lang/ObjectCustomizer> (0x00000000d70287d8) thrown at [C:\re\workspace\8-2-build-windows-amd64-cygwin\jdk8u181\11358\hotspot\src\share\vm\classfile\systemDictionary.cpp, line 210]
Event: 54.088 Thread 0x000000001c76e000 Exception <a 'java/lang/ClassNotFoundException': org/springframework/web/servlet/view/DefaultRequestToViewNameTranslatorCustomizer> (0x00000000d7059220) thrown at [C:\re\workspace\8-2-build-windows-amd64-cygwin\jdk8u181\11358\hotspot\src\share\vm\classfil
Event: 54.091 Thread 0x000000001c76e000 Exception <a 'java/lang/ClassNotFoundException': org/springframework/web/servlet/RequestToViewNameTranslatorCustomizer> (0x00000000d70933e8) thrown at [C:\re\workspace\8-2-build-windows-amd64-cygwin\jdk8u181\11358\hotspot\src\share\vm\classfile\systemDict
Event: 54.111 Thread 0x000000001c76e000 Exception <a 'java/lang/ClassNotFoundException': java/lang/ObjectCustomizer> (0x00000000d70d1910) thrown at [C:\re\workspace\8-2-build-windows-amd64-cygwin\jdk8u181\11358\hotspot\src\share\vm\classfile\systemDictionary.cpp, line 210]
Event: 54.152 Thread 0x000000001c76e000 Exception <a 'java/lang/ClassNotFoundException': org/springframework/web/servlet/support/AbstractFlashMapManagerCustomizer> (0x00000000d70fee90) thrown at [C:\re\workspace\8-2-build-windows-amd64-cygwin\jdk8u181\11358\hotspot\src\share\vm\classfile\system
Event: 54.168 Thread 0x000000001c76e000 Exception <a 'java/lang/ClassNotFoundException': org/springframework/web/servlet/support/SessionFlashMapManagerCustomizer> (0x00000000d7130278) thrown at [C:\re\workspace\8-2-build-windows-amd64-cygwin\jdk8u181\11358\hotspot\src\share\vm\classfile\systemD
Event: 54.170 Thread 0x000000001c76e000 Exception <a 'java/lang/ClassNotFoundException': org/springframework/web/servlet/FlashMapManagerCustomizer> (0x00000000d7156320) thrown at [C:\re\workspace\8-2-build-windows-amd64-cygwin\jdk8u181\11358\hotspot\src\share\vm\classfile\systemDictionary.cpp, 

Events (10 events):
Event: 55.364 loading class org/hibernate/internal/CoreMessageLogger_$logger_ja_JP
Event: 55.364 loading class org/hibernate/internal/CoreMessageLogger_$logger_ja_JP done
Event: 55.364 loading class org/hibernate/internal/CoreMessageLogger_$logger_ja
Event: 55.364 loading class org/hibernate/internal/CoreMessageLogger_$logger_ja done
Event: 55.365 loading class org/hibernate/event/spi/PreLoadEvent
Event: 55.365 loading class org/hibernate/event/spi/PreLoadEvent done
Event: 55.366 loading class org/hibernate/secure/spi/PermissionCheckEntityInformation
Event: 55.366 loading class org/hibernate/secure/spi/PermissionCheckEntityInformation done
Event: 55.367 loading class org/hibernate/event/spi/PostLoadEvent
Event: 55.367 loading class org/hibernate/event/spi/PostLoadEvent done


Dynamic libraries:
0x00007ff762150000 - 0x00007ff762187000 	C:\Users\CeYang\Desktop\JAL\tool\pleiades-2018-09-java-win-64bit-jre_20181004\pleiades\java\8\bin\javaw.exe
0x00007ffdf6780000 - 0x00007ffdf6970000 	C:\WINDOWS\SYSTEM32\ntdll.dll
0x00007ffdf56a0000 - 0x00007ffdf5752000 	C:\WINDOWS\System32\KERNEL32.DLL
0x00007ffdf3770000 - 0x00007ffdf3a13000 	C:\WINDOWS\System32\KERNELBASE.dll
0x00007ffdf5000000 - 0x00007ffdf50a3000 	C:\WINDOWS\System32\ADVAPI32.dll
0x00007ffdf5fc0000 - 0x00007ffdf605e000 	C:\WINDOWS\System32\msvcrt.dll
0x00007ffdf63d0000 - 0x00007ffdf6467000 	C:\WINDOWS\System32\sechost.dll
0x00007ffdf6470000 - 0x00007ffdf6590000 	C:\WINDOWS\System32\RPCRT4.dll
0x00007ffdf5e20000 - 0x00007ffdf5fb4000 	C:\WINDOWS\System32\USER32.dll
0x00007ffdf3bc0000 - 0x00007ffdf3be1000 	C:\WINDOWS\System32\win32u.dll
0x00007ffdf6090000 - 0x00007ffdf60b6000 	C:\WINDOWS\System32\GDI32.dll
0x00007ffdf3e10000 - 0x00007ffdf3fa4000 	C:\WINDOWS\System32\gdi32full.dll
0x00007ffdf3d70000 - 0x00007ffdf3e0e000 	C:\WINDOWS\System32\msvcp_win.dll
0x00007ffdf3bf0000 - 0x00007ffdf3cea000 	C:\WINDOWS\System32\ucrtbase.dll
0x00007ffddc700000 - 0x00007ffddc985000 	C:\WINDOWS\WinSxS\amd64_microsoft.windows.common-controls_6595b64144ccf1df_6.0.18362.778_none_e6c6b761130d4fb8\COMCTL32.dll
0x00007ffdf5260000 - 0x00007ffdf5596000 	C:\WINDOWS\System32\combase.dll
0x00007ffdf3cf0000 - 0x00007ffdf3d70000 	C:\WINDOWS\System32\bcryptPrimitives.dll
0x00007ffdf6060000 - 0x00007ffdf608e000 	C:\WINDOWS\System32\IMM32.DLL
0x0000000050e30000 - 0x0000000050f02000 	C:\Users\CeYang\Desktop\JAL\tool\pleiades-2018-09-java-win-64bit-jre_20181004\pleiades\java\8\jre\bin\msvcr100.dll
0x0000000050580000 - 0x0000000050e22000 	C:\Users\CeYang\Desktop\JAL\tool\pleiades-2018-09-java-win-64bit-jre_20181004\pleiades\java\8\jre\bin\server\jvm.dll
0x00007ffdf60c0000 - 0x00007ffdf60c8000 	C:\WINDOWS\System32\PSAPI.DLL
0x00007ffdcbfd0000 - 0x00007ffdcbfd9000 	C:\WINDOWS\SYSTEM32\WSOCK32.dll
0x00007ffdf6360000 - 0x00007ffdf63cf000 	C:\WINDOWS\System32\WS2_32.dll
0x00007ffdef790000 - 0x00007ffdef7b4000 	C:\WINDOWS\SYSTEM32\WINMM.dll
0x00007ffde4f10000 - 0x00007ffde4f1a000 	C:\WINDOWS\SYSTEM32\VERSION.dll
0x00007ffdef760000 - 0x00007ffdef78d000 	C:\WINDOWS\SYSTEM32\winmmbase.dll
0x00007ffdf3a20000 - 0x00007ffdf3a6a000 	C:\WINDOWS\System32\cfgmgr32.dll
0x0000000051ce0000 - 0x0000000051cef000 	C:\Users\CeYang\Desktop\JAL\tool\pleiades-2018-09-java-win-64bit-jre_20181004\pleiades\java\8\jre\bin\verify.dll
0x0000000051cb0000 - 0x0000000051cd9000 	C:\Users\CeYang\Desktop\JAL\tool\pleiades-2018-09-java-win-64bit-jre_20181004\pleiades\java\8\jre\bin\java.dll
0x0000000051c90000 - 0x0000000051ca6000 	C:\Users\CeYang\Desktop\JAL\tool\pleiades-2018-09-java-win-64bit-jre_20181004\pleiades\java\8\jre\bin\zip.dll
0x00007ffdf4830000 - 0x00007ffdf4f15000 	C:\WINDOWS\System32\SHELL32.dll
0x00007ffdf5d60000 - 0x00007ffdf5e09000 	C:\WINDOWS\System32\shcore.dll
0x00007ffdf4090000 - 0x00007ffdf4810000 	C:\WINDOWS\System32\windows.storage.dll
0x00007ffdf36e0000 - 0x00007ffdf3703000 	C:\WINDOWS\System32\profapi.dll
0x00007ffdf3690000 - 0x00007ffdf36da000 	C:\WINDOWS\System32\powrprof.dll
0x00007ffdf3640000 - 0x00007ffdf3650000 	C:\WINDOWS\System32\UMPDC.dll
0x00007ffdf60d0000 - 0x00007ffdf6122000 	C:\WINDOWS\System32\shlwapi.dll
0x00007ffdf3670000 - 0x00007ffdf3681000 	C:\WINDOWS\System32\kernel.appcore.dll
0x00007ffdf4810000 - 0x00007ffdf4827000 	C:\WINDOWS\System32\cryptsp.dll
0x0000000051c70000 - 0x0000000051c8a000 	C:\Users\CeYang\Desktop\JAL\tool\pleiades-2018-09-java-win-64bit-jre_20181004\pleiades\java\8\jre\bin\net.dll
0x00007ffdf2e60000 - 0x00007ffdf2ec7000 	C:\WINDOWS\system32\mswsock.dll
0x00007ffdf2b80000 - 0x00007ffdf2bba000 	C:\WINDOWS\SYSTEM32\IPHLPAPI.DLL
0x00007ffdf5e10000 - 0x00007ffdf5e18000 	C:\WINDOWS\System32\NSI.dll
0x00007ffde5970000 - 0x00007ffde5986000 	C:\WINDOWS\SYSTEM32\dhcpcsvc6.DLL
0x00007ffde5950000 - 0x00007ffde596c000 	C:\WINDOWS\SYSTEM32\dhcpcsvc.DLL
0x00007ffdf2bc0000 - 0x00007ffdf2c8a000 	C:\WINDOWS\SYSTEM32\DNSAPI.dll
0x0000000051c60000 - 0x0000000051c6d000 	C:\Users\CeYang\Desktop\JAL\tool\pleiades-2018-09-java-win-64bit-jre_20181004\pleiades\java\8\jre\bin\management.dll
0x00007ffdd2050000 - 0x00007ffdd2066000 	C:\WINDOWS\system32\napinsp.dll
0x00007ffdd1b80000 - 0x00007ffdd1b9a000 	C:\WINDOWS\system32\pnrpnsp.dll
0x00007ffdd1b70000 - 0x00007ffdd1b7e000 	C:\WINDOWS\System32\winrnr.dll
0x00007ffdeee30000 - 0x00007ffdeee4c000 	C:\WINDOWS\system32\NLAapi.dll
0x00007ffdec910000 - 0x00007ffdec925000 	C:\WINDOWS\system32\wshbth.dll
0x00007ffde1ae0000 - 0x00007ffde1aea000 	C:\Windows\System32\rasadhlp.dll
0x00007ffde5000000 - 0x00007ffde5077000 	C:\WINDOWS\System32\fwpuclnt.dll
0x00007ffdf3fb0000 - 0x00007ffdf3fd6000 	C:\WINDOWS\System32\bcrypt.dll
0x0000000051c40000 - 0x0000000051c51000 	C:\Users\CeYang\Desktop\JAL\tool\pleiades-2018-09-java-win-64bit-jre_20181004\pleiades\java\8\jre\bin\nio.dll
0x00007ffdf2770000 - 0x00007ffdf27a3000 	C:\WINDOWS\system32\rsaenh.dll
0x00007ffdf3530000 - 0x00007ffdf3555000 	C:\WINDOWS\SYSTEM32\USERENV.dll
0x00007ffdf2fe0000 - 0x00007ffdf2fec000 	C:\WINDOWS\SYSTEM32\CRYPTBASE.dll
0x0000000051320000 - 0x0000000051344000 	C:\Users\CeYang\Desktop\JAL\tool\pleiades-2018-09-java-win-64bit-jre_20181004\pleiades\java\8\jre\bin\sunec.dll
0x0000000050570000 - 0x000000005057b000 	C:\Users\CeYang\Desktop\JAL\tool\pleiades-2018-09-java-win-64bit-jre_20181004\pleiades\java\8\jre\bin\sunmscapi.dll
0x00007ffdf3a70000 - 0x00007ffdf3bb9000 	C:\WINDOWS\System32\CRYPT32.dll
0x00007ffdf3650000 - 0x00007ffdf3662000 	C:\WINDOWS\System32\MSASN1.dll

VM Arguments:
jvm_args: -Dfile.encoding=UTF-8 
java_command: com.iiht.emart.items.ItemsApplication
java_class_path (initial): C:\Users\CeYang\Desktop\JAL\tool\pleiades-2018-09-java-win-64bit-jre_20181004\pleiades\java\8\jre\lib\resources.jar;C:\Users\CeYang\Desktop\JAL\tool\pleiades-2018-09-java-win-64bit-jre_20181004\pleiades\java\8\jre\lib\rt.jar;C:\Users\CeYang\Desktop\JAL\tool\pleiades-2018-09-java-win-64bit-jre_20181004\pleiades\java\8\jre\lib\jsse.jar;C:\Users\CeYang\Desktop\JAL\tool\pleiades-2018-09-java-win-64bit-jre_20181004\pleiades\java\8\jre\lib\jce.jar;C:\Users\CeYang\Desktop\JAL\tool\pleiades-2018-09-java-win-64bit-jre_20181004\pleiades\java\8\jre\lib\charsets.jar;C:\Users\CeYang\Desktop\JAL\tool\pleiades-2018-09-java-win-64bit-jre_20181004\pleiades\java\8\jre\lib\jfr.jar;C:\Users\CeYang\Desktop\JAL\tool\pleiades-2018-09-java-win-64bit-jre_20181004\pleiades\java\8\jre\lib\ext\access-bridge-64.jar;C:\Users\CeYang\Desktop\JAL\tool\pleiades-2018-09-java-win-64bit-jre_20181004\pleiades\java\8\jre\lib\ext\cldrdata.jar;C:\Users\CeYang\Desktop\JAL\tool\pleiades-2018-09-java-win-64bit-jre_20181004\pleiades\java\8\jre\lib\ext\dnsns.jar;C:\Users\CeYang\Desktop\JAL\tool\pleiades-2018-09-java-win-64bit-jre_20181004\pleiades\java\8\jre\lib\ext\jaccess.jar;C:\Users\CeYang\Desktop\JAL\tool\pleiades-2018-09-java-win-64bit-jre_20181004\pleiades\java\8\jre\lib\ext\jfxrt.jar;C:\Users\CeYang\Desktop\JAL\tool\pleiades-2018-09-java-win-64bit-jre_20181004\pleiades\java\8\jre\lib\ext\localedata.jar;C:\Users\CeYang\Desktop\JAL\tool\pleiades-2018-09-java-win-64bit-jre_20181004\pleiades\java\8\jre\lib\ext\nashorn.jar;C:\Users\CeYang\Desktop\JAL\tool\pleiades-2018-09-java-win-64bit-jre_20181004\pleiades\java\8\jre\lib\ext\sunec.jar;C:\Users\CeYang\Desktop\JAL\tool\pleiades-2018-09-java-win-64bit-jre_20181004\pleiades\java\8\jre\lib\ext\sunjce_provider.jar;C:\Users\CeYang\Desktop\JAL\tool\pleiades-2018-09-java-win-64bit-jre_20181004\pleiades\java\8\jre\lib\ext\sunmscapi.jar;C:\Users\CeYang\Desktop\JAL\tool\pleiades-2018-09-java-win-64bit-jre_20181004\pleiades\java\8\jre\lib\e
Launcher Type: SUN_STANDARD

Environment Variables:
CLASSPATH=C:\Program Files\IBM\WebSphere MQ\java\lib\com.ibm.mqjms.jar;C:\Program Files\IBM\WebSphere MQ\java\lib\com.ibm.mq.jar
PATH=C:/Users/CeYang/Desktop/JAL/tool/pleiades-2018-09-java-win-64bit-jre_20181004/pleiades/eclipse/jre/bin/../jre/bin/server;C:/Users/CeYang/Desktop/JAL/tool/pleiades-2018-09-java-win-64bit-jre_20181004/pleiades/eclipse/jre/bin/../jre/bin;C:/Users/CeYang/Desktop/JAL/tool/pleiades-2018-09-java-win-64bit-jre_20181004/pleiades/eclipse/jre/bin/../jre/lib/amd64;C:\Program Files\IBM\WebSphere MQ\java\lib;C:\Program Files\IBM\WebSphere MQ\java\lib64;C:\ProgramData\DockerDesktop\version-bin;C:\Program Files\Docker\Docker\Resources\bin;C:\oracle\product\10.2.0\client_1\bin;C:\ProgramData\Oracle\Java\javapath;C:\WINDOWS\system32;C:\WINDOWS;C:\WINDOWS\System32\Wbem;C:\WINDOWS\System32\WindowsPowerShell\v1.0\;C:\WINDOWS\System32\OpenSSH\;C:\Program Files\TortoiseSVN\bin;C:\Program Files\Git\cmd;C:\Program Files\Microsoft VS Code\bin;C:\Program Files (x86)\Intel\Intel(R) Management Engine Components\DAL;C:\Program Files\Intel\Intel(R) Management Engine Components\DAL;C:\Program Files\Intel\WiFi\bin\;C:\Program Files\Common Files\Intel\WirelessCommon\;C:\Program Files\IBM\WebSphere MQ\bin64;C:\Program Files\IBM\WebSphere MQ\bin;C:\Program Files\IBM\WebSphere MQ\tools\c\samples\bin;C:\Program Files\nodejs\;C:\Program Files\MySQL\MySQL Shell 8.0\bin\;C:\Users\CeYang\Desktop\Full stack\mysql\bin;C:\Users\CeYang\Desktop\JAL\tool\pleiades-2018-09-java-win-64bit-jre_20181004\pleiades\eclipse;
USERNAME=CeYang
OS=Windows_NT
PROCESSOR_IDENTIFIER=Intel64 Family 6 Model 142 Stepping 9, GenuineIntel



---------------  S Y S T E M  ---------------

OS: Windows 10.0 , 64 bit Build 18362 (10.0.18362.778)

CPU:total 4 (initial active 4) (2 cores per cpu, 2 threads per core) family 6 model 142 stepping 9, cmov, cx8, fxsr, mmx, sse, sse2, sse3, ssse3, sse4.1, sse4.2, popcnt, avx, avx2, aes, clmul, erms, rtm, 3dnowpref, lzcnt, ht, tsc, tscinvbit, bmi1, bmi2, adx

Memory: 4k page, physical 8224516k(344524k free), swap 33390340k(4376k free)

vm_info: Java HotSpot(TM) 64-Bit Server VM (25.181-b13) for windows-amd64 JRE (1.8.0_181-b13), built on Jul  7 2018 04:01:33 by "java_re" with MS VC++ 10.0 (VS2010)

time: Fri May 15 00:03:28 2020
elapsed time: 55 seconds (0d 0h 0m 55s)

