#
# There is insufficient memory for the Java Runtime Environment to continue.
# Native memory allocation (malloc) failed to allocate 32744 bytes for ChunkPool::allocate
# Possible reasons:
#   The system is out of physical RAM or swap space
#   In 32 bit mode, the process size limit was hit
# Possible solutions:
#   Reduce memory load on the system
#   Increase physical memory or swap space
#   Check if swap backing store is full
#   Use 64 bit Java on a 64 bit OS
#   Decrease Java heap size (-Xmx/-Xms)
#   Decrease number of Java threads
#   Decrease Java thread stack sizes (-Xss)
#   Set larger code cache with -XX:ReservedCodeCacheSize=
# This output file may be truncated or incomplete.
#
#  Out of Memory Error (allocation.cpp:273), pid=1008, tid=0x0000000000007328
#
# JRE version: Java(TM) SE Runtime Environment (8.0_181-b13) (build 1.8.0_181-b13)
# Java VM: Java HotSpot(TM) 64-Bit Server VM (25.181-b13 mixed mode windows-amd64 compressed oops)
# Failed to write core dump. Minidumps are not enabled by default on client versions of Windows
#

---------------  T H R E A D  ---------------

Current thread (0x0000000019ac5800):  JavaThread "C2 CompilerThread0" daemon [_thread_in_native, id=29480, stack(0x0000000019fa0000,0x000000001a0a0000)]

Stack: [0x0000000019fa0000,0x000000001a0a0000]
[error occurred during error reporting (printing stack bounds), id 0xc0000005]

Native frames: (J=compiled Java code, j=interpreted, Vv=VM code, C=native code)


Current CompileTask:
C2:  42039 5555 % !   4       org.springframework.util.ReflectionUtils::doWithMethods @ 16 (178 bytes)


---------------  P R O C E S S  ---------------

Java Threads: ( => current thread )
  0x000000001e66b800 JavaThread "spring.cloud.inetutils" daemon [_thread_in_native, id=35172, stack(0x000000001c520000,0x000000001c620000)]
  0x000000001e66b000 JavaThread "mysql-cj-abandoned-connection-cleanup" daemon [_thread_blocked, id=17928, stack(0x0000000022210000,0x0000000022310000)]
  0x000000001e66c800 JavaThread "Tomcat JDBC Pool Cleaner[414493378:1589468457482]" daemon [_thread_blocked, id=35636, stack(0x00000000209b0000,0x0000000020ab0000)]
  0x000000001abde000 JavaThread "container-0" [_thread_blocked, id=32688, stack(0x0000000022110000,0x0000000022210000)]
  0x000000001abe4000 JavaThread "ContainerBackgroundProcessor[StandardEngine[Tomcat]]" daemon [_thread_blocked, id=1432, stack(0x0000000020ba0000,0x0000000020ca0000)]
  0x0000000019a15800 JavaThread "Service Thread" daemon [_thread_blocked, id=29124, stack(0x000000001a2a0000,0x000000001a3a0000)]
  0x00000000199d3000 JavaThread "C1 CompilerThread2" daemon [_thread_blocked, id=34428, stack(0x000000001a1a0000,0x000000001a2a0000)]
  0x00000000199ce000 JavaThread "C2 CompilerThread1" daemon [_thread_in_native, id=4820, stack(0x000000001a0a0000,0x000000001a1a0000)]
=>0x0000000019ac5800 JavaThread "C2 CompilerThread0" daemon [_thread_in_native, id=29480, stack(0x0000000019fa0000,0x000000001a0a0000)]
  0x00000000190bb000 JavaThread "JDWP Command Reader" daemon [_thread_in_native, id=632, stack(0x00000000196a0000,0x00000000197a0000)]
  0x00000000190b7800 JavaThread "JDWP Event Helper Thread" daemon [_thread_blocked, id=29876, stack(0x00000000195a0000,0x00000000196a0000)]
  0x00000000190ab000 JavaThread "JDWP Transport Listener: dt_socket" daemon [_thread_blocked, id=34996, stack(0x00000000194a0000,0x00000000195a0000)]
  0x0000000017b69000 JavaThread "Attach Listener" daemon [_thread_blocked, id=6800, stack(0x0000000018fa0000,0x00000000190a0000)]
  0x0000000017bae800 JavaThread "Signal Dispatcher" daemon [_thread_blocked, id=24584, stack(0x0000000018ea0000,0x0000000018fa0000)]
  0x0000000017b40000 JavaThread "Finalizer" daemon [_thread_blocked, id=8164, stack(0x0000000018da0000,0x0000000018ea0000)]
  0x0000000002edb800 JavaThread "Reference Handler" daemon [_thread_blocked, id=33072, stack(0x0000000018ca0000,0x0000000018da0000)]
  0x0000000002deb000 JavaThread "main" [_thread_in_Java, id=13140, stack(0x0000000002cd0000,0x0000000002dd0000)]

Other Threads:
  0x0000000017b18800 VMThread [stack: 0x0000000018ba0000,0x0000000018ca0000] [id=21876]
  0x00000000199d4000 WatcherThread [stack: 0x000000001a3a0000,0x000000001a4a0000] [id=31852]

VM state:not at safepoint (normal execution)

VM Mutex/Monitor currently owned by a thread: None

Heap:
 PSYoungGen      total 304128K, used 159490K [0x00000000d6300000, 0x00000000ea080000, 0x0000000100000000)
  eden space 294400K, 50% used [0x00000000d6300000,0x00000000df557380,0x00000000e8280000)
  from space 9728K, 99% used [0x00000000e9700000,0x00000000ea069570,0x00000000ea080000)
  to   space 15360K, 0% used [0x00000000e8280000,0x00000000e8280000,0x00000000e9180000)
 ParOldGen       total 83456K, used 27351K [0x0000000082800000, 0x0000000087980000, 0x00000000d6300000)
  object space 83456K, 32% used [0x0000000082800000,0x00000000842b5d90,0x0000000087980000)
 Metaspace       used 52567K, capacity 53242K, committed 53464K, reserved 1095680K
  class space    used 6664K, capacity 6819K, committed 6872K, reserved 1048576K

Card table byte_map: [0x0000000012470000,0x0000000012860000] byte_map_base: 0x000000001205c000

Marking Bits: (ParMarkBitMap*) 0x0000000050da2d00
 Begin Bits: [0x0000000012f00000, 0x0000000014e60000)
 End Bits:   [0x0000000014e60000, 0x0000000016dc0000)

Polling page: 0x00000000028e0000

CodeCache: size=245760Kb used=22237Kb max_used=22334Kb free=223522Kb
 bounds [0x00000000030b0000, 0x00000000046c0000, 0x00000000120b0000]
 total_blobs=5457 nmethods=4932 adapters=445
 compilation: enabled

Compilation events (10 events):
Event: 41.733 Thread 0x00000000199d3000 5705       3       org.springframework.core.convert.support.GenericConversionService$ConverterAdapter::<init> (45 bytes)
Event: 41.734 Thread 0x00000000199d3000 nmethod 5705 0x0000000003f4b6d0 code [0x0000000003f4b8c0, 0x0000000003f4c1b8]
Event: 41.741 Thread 0x00000000199d3000 5706       3       org.springframework.aop.framework.autoproxy.AbstractAutoProxyCreator::postProcessAfterInitialization (37 bytes)
Event: 41.742 Thread 0x00000000199d3000 nmethod 5706 0x00000000033d7bd0 code [0x00000000033d7d60, 0x00000000033d8248]
Event: 41.742 Thread 0x00000000199d3000 5707       3       org.springframework.boot.autoconfigure.jdbc.DataSourceInitializerPostProcessor::postProcessAfterInitialization (21 bytes)
Event: 41.742 Thread 0x00000000199d3000 nmethod 5707 0x0000000003f4b110 code [0x0000000003f4b280, 0x0000000003f4b608]
Event: 41.743 Thread 0x00000000199d3000 5708       1       org.hibernate.validator.internal.util.logging.Messages_$bundle::beanTypeCannotBeNull$str (3 bytes)
Event: 41.743 Thread 0x00000000199d3000 nmethod 5708 0x00000000036dbf90 code [0x00000000036dc0e0, 0x00000000036dc1f0]
Event: 41.851 Thread 0x00000000199d3000 5709       3       org.springframework.cloud.context.properties.ConfigurationPropertiesBeans::postProcessBeforeInitialization (81 bytes)
Event: 41.852 Thread 0x00000000199d3000 nmethod 5709 0x0000000003d485d0 code [0x0000000003d487c0, 0x0000000003d490f8]

GC Heap History (10 events):
Event: 24.259 GC heap before
{Heap before GC invocations=12 (full 1):
 PSYoungGen      total 164352K, used 164329K [0x00000000d6300000, 0x00000000e2280000, 0x0000000100000000)
  eden space 157184K, 100% used [0x00000000d6300000,0x00000000dfc80000,0x00000000dfc80000)
  from space 7168K, 99% used [0x00000000e0500000,0x00000000e0bfa468,0x00000000e0c00000)
  to   space 8704K, 0% used [0x00000000dfc80000,0x00000000dfc80000,0x00000000e0500000)
 ParOldGen       total 49152K, used 9101K [0x0000000082800000, 0x0000000085800000, 0x00000000d6300000)
  object space 49152K, 18% used [0x0000000082800000,0x00000000830e34b0,0x0000000085800000)
 Metaspace       used 32975K, capacity 33318K, committed 33664K, reserved 1079296K
  class space    used 4013K, capacity 4112K, committed 4224K, reserved 1048576K
Event: 24.282 GC heap after
Heap after GC invocations=12 (full 1):
 PSYoungGen      total 165888K, used 8696K [0x00000000d6300000, 0x00000000e5300000, 0x0000000100000000)
  eden space 157184K, 0% used [0x00000000d6300000,0x00000000d6300000,0x00000000dfc80000)
  from space 8704K, 99% used [0x00000000dfc80000,0x00000000e04fe0f8,0x00000000e0500000)
  to   space 12288K, 0% used [0x00000000e4700000,0x00000000e4700000,0x00000000e5300000)
 ParOldGen       total 49152K, used 15588K [0x0000000082800000, 0x0000000085800000, 0x00000000d6300000)
  object space 49152K, 31% used [0x0000000082800000,0x00000000837391a8,0x0000000085800000)
 Metaspace       used 32975K, capacity 33318K, committed 33664K, reserved 1079296K
  class space    used 4013K, capacity 4112K, committed 4224K, reserved 1048576K
}
Event: 24.905 GC heap before
{Heap before GC invocations=13 (full 1):
 PSYoungGen      total 165888K, used 49817K [0x00000000d6300000, 0x00000000e5300000, 0x0000000100000000)
  eden space 157184K, 26% used [0x00000000d6300000,0x00000000d8b28478,0x00000000dfc80000)
  from space 8704K, 99% used [0x00000000dfc80000,0x00000000e04fe0f8,0x00000000e0500000)
  to   space 12288K, 0% used [0x00000000e4700000,0x00000000e4700000,0x00000000e5300000)
 ParOldGen       total 49152K, used 15588K [0x0000000082800000, 0x0000000085800000, 0x00000000d6300000)
  object space 49152K, 31% used [0x0000000082800000,0x00000000837391a8,0x0000000085800000)
 Metaspace       used 34842K, capacity 35280K, committed 35416K, reserved 1081344K
  class space    used 4230K, capacity 4355K, committed 4440K, reserved 1048576K
Event: 24.920 GC heap after
Heap after GC invocations=13 (full 1):
 PSYoungGen      total 233472K, used 1998K [0x00000000d6300000, 0x00000000e5800000, 0x0000000100000000)
  eden space 221184K, 0% used [0x00000000d6300000,0x00000000d6300000,0x00000000e3b00000)
  from space 12288K, 16% used [0x00000000e4700000,0x00000000e48f3a30,0x00000000e5300000)
  to   space 12288K, 0% used [0x00000000e3b00000,0x00000000e3b00000,0x00000000e4700000)
 ParOldGen       total 49152K, used 22478K [0x0000000082800000, 0x0000000085800000, 0x00000000d6300000)
  object space 49152K, 45% used [0x0000000082800000,0x0000000083df3be8,0x0000000085800000)
 Metaspace       used 34842K, capacity 35280K, committed 35416K, reserved 1081344K
  class space    used 4230K, capacity 4355K, committed 4440K, reserved 1048576K
}
Event: 24.920 GC heap before
{Heap before GC invocations=14 (full 2):
 PSYoungGen      total 233472K, used 1998K [0x00000000d6300000, 0x00000000e5800000, 0x0000000100000000)
  eden space 221184K, 0% used [0x00000000d6300000,0x00000000d6300000,0x00000000e3b00000)
  from space 12288K, 16% used [0x00000000e4700000,0x00000000e48f3a30,0x00000000e5300000)
  to   space 12288K, 0% used [0x00000000e3b00000,0x00000000e3b00000,0x00000000e4700000)
 ParOldGen       total 49152K, used 22478K [0x0000000082800000, 0x0000000085800000, 0x00000000d6300000)
  object space 49152K, 45% used [0x0000000082800000,0x0000000083df3be8,0x0000000085800000)
 Metaspace       used 34842K, capacity 35280K, committed 35416K, reserved 1081344K
  class space    used 4230K, capacity 4355K, committed 4440K, reserved 1048576K
Event: 25.057 GC heap after
Heap after GC invocations=14 (full 2):
 PSYoungGen      total 233472K, used 0K [0x00000000d6300000, 0x00000000e5800000, 0x0000000100000000)
  eden space 221184K, 0% used [0x00000000d6300000,0x00000000d6300000,0x00000000e3b00000)
  from space 12288K, 0% used [0x00000000e4700000,0x00000000e4700000,0x00000000e5300000)
  to   space 12288K, 0% used [0x00000000e3b00000,0x00000000e3b00000,0x00000000e4700000)
 ParOldGen       total 83456K, used 20359K [0x0000000082800000, 0x0000000087980000, 0x00000000d6300000)
  object space 83456K, 24% used [0x0000000082800000,0x0000000083be1d50,0x0000000087980000)
 Metaspace       used 34842K, capacity 35280K, committed 35416K, reserved 1081344K
  class space    used 4230K, capacity 4355K, committed 4440K, reserved 1048576K
}
Event: 30.674 GC heap before
{Heap before GC invocations=15 (full 2):
 PSYoungGen      total 233472K, used 221184K [0x00000000d6300000, 0x00000000e5800000, 0x0000000100000000)
  eden space 221184K, 100% used [0x00000000d6300000,0x00000000e3b00000,0x00000000e3b00000)
  from space 12288K, 0% used [0x00000000e4700000,0x00000000e4700000,0x00000000e5300000)
  to   space 12288K, 0% used [0x00000000e3b00000,0x00000000e3b00000,0x00000000e4700000)
 ParOldGen       total 83456K, used 20359K [0x0000000082800000, 0x0000000087980000, 0x00000000d6300000)
  object space 83456K, 24% used [0x0000000082800000,0x0000000083be1d50,0x0000000087980000)
 Metaspace       used 46589K, capacity 47144K, committed 47320K, reserved 1091584K
  class space    used 5884K, capacity 6000K, committed 6104K, reserved 1048576K
Event: 30.728 GC heap after
Heap after GC invocations=15 (full 2):
 PSYoungGen      total 233472K, used 12278K [0x00000000d6300000, 0x00000000ea580000, 0x0000000100000000)
  eden space 221184K, 0% used [0x00000000d6300000,0x00000000d6300000,0x00000000e3b00000)
  from space 12288K, 99% used [0x00000000e3b00000,0x00000000e46fda70,0x00000000e4700000)
  to   space 14848K, 0% used [0x00000000e9700000,0x00000000e9700000,0x00000000ea580000)
 ParOldGen       total 83456K, used 22436K [0x0000000082800000, 0x0000000087980000, 0x00000000d6300000)
  object space 83456K, 26% used [0x0000000082800000,0x0000000083de9198,0x0000000087980000)
 Metaspace       used 46589K, capacity 47144K, committed 47320K, reserved 1091584K
  class space    used 5884K, capacity 6000K, committed 6104K, reserved 1048576K
}
Event: 37.123 GC heap before
{Heap before GC invocations=16 (full 2):
 PSYoungGen      total 233472K, used 233462K [0x00000000d6300000, 0x00000000ea580000, 0x0000000100000000)
  eden space 221184K, 100% used [0x00000000d6300000,0x00000000e3b00000,0x00000000e3b00000)
  from space 12288K, 99% used [0x00000000e3b00000,0x00000000e46fda70,0x00000000e4700000)
  to   space 14848K, 0% used [0x00000000e9700000,0x00000000e9700000,0x00000000ea580000)
 ParOldGen       total 83456K, used 22436K [0x0000000082800000, 0x0000000087980000, 0x00000000d6300000)
  object space 83456K, 26% used [0x0000000082800000,0x0000000083de9198,0x0000000087980000)
 Metaspace       used 51118K, capacity 51742K, committed 52056K, reserved 1095680K
  class space    used 6478K, capacity 6649K, committed 6744K, reserved 1048576K
Event: 37.150 GC heap after
Heap after GC invocations=16 (full 2):
 PSYoungGen      total 304128K, used 9637K [0x00000000d6300000, 0x00000000ea080000, 0x0000000100000000)
  eden space 294400K, 0% used [0x00000000d6300000,0x00000000d6300000,0x00000000e8280000)
  from space 9728K, 99% used [0x00000000e9700000,0x00000000ea069570,0x00000000ea080000)
  to   space 15360K, 0% used [0x00000000e8280000,0x00000000e8280000,0x00000000e9180000)
 ParOldGen       total 83456K, used 27351K [0x0000000082800000, 0x0000000087980000, 0x00000000d6300000)
  object space 83456K, 32% used [0x0000000082800000,0x00000000842b5d90,0x0000000087980000)
 Metaspace       used 51118K, capacity 51742K, committed 52056K, reserved 1095680K
  class space    used 6478K, capacity 6649K, committed 6744K, reserved 1048576K
}

Deoptimization events (10 events):
Event: 41.524 Thread 0x0000000002deb000 Uncommon trap: reason=unhandled action=none pc=0x00000000033c5054 method=java.net.URLClassLoader.findClass(Ljava/lang/String;)Ljava/lang/Class; @ 44
Event: 41.524 Thread 0x0000000002deb000 Uncommon trap: reason=unhandled action=none pc=0x00000000033c5054 method=java.net.URLClassLoader.findClass(Ljava/lang/String;)Ljava/lang/Class; @ 44
Event: 41.524 Thread 0x0000000002deb000 Uncommon trap: reason=unhandled action=none pc=0x00000000033c5054 method=java.net.URLClassLoader.findClass(Ljava/lang/String;)Ljava/lang/Class; @ 44
Event: 41.525 Thread 0x0000000002deb000 Uncommon trap: reason=unhandled action=none pc=0x00000000033c5054 method=java.net.URLClassLoader.findClass(Ljava/lang/String;)Ljava/lang/Class; @ 44
Event: 41.525 Thread 0x0000000002deb000 Uncommon trap: reason=unhandled action=none pc=0x00000000033c5054 method=java.net.URLClassLoader.findClass(Ljava/lang/String;)Ljava/lang/Class; @ 44
Event: 41.525 Thread 0x0000000002deb000 Uncommon trap: reason=unhandled action=none pc=0x00000000033c5054 method=java.net.URLClassLoader.findClass(Ljava/lang/String;)Ljava/lang/Class; @ 44
Event: 41.525 Thread 0x0000000002deb000 Uncommon trap: reason=unhandled action=none pc=0x00000000033c5054 method=java.net.URLClassLoader.findClass(Ljava/lang/String;)Ljava/lang/Class; @ 44
Event: 41.526 Thread 0x0000000002deb000 Uncommon trap: reason=unhandled action=none pc=0x00000000033c5054 method=java.net.URLClassLoader.findClass(Ljava/lang/String;)Ljava/lang/Class; @ 44
Event: 41.526 Thread 0x0000000002deb000 Uncommon trap: reason=unhandled action=none pc=0x00000000033c5054 method=java.net.URLClassLoader.findClass(Ljava/lang/String;)Ljava/lang/Class; @ 44
Event: 41.526 Thread 0x0000000002deb000 Uncommon trap: reason=unhandled action=none pc=0x00000000033c5054 method=java.net.URLClassLoader.findClass(Ljava/lang/String;)Ljava/lang/Class; @ 44

Classes redefined (0 events):
No events

Internal exceptions (10 events):
Event: 41.217 Thread 0x0000000002deb000 Exception <a 'java/lang/ClassNotFoundException': org/springframework/beans/factory/config/BeanFactoryPostProcessorCustomizer> (0x00000000dd903d50) thrown at [C:\re\workspace\8-2-build-windows-amd64-cygwin\jdk8u181\11358\hotspot\src\share\vm\classfile\syst
Event: 41.220 Thread 0x0000000002deb000 Exception <a 'java/lang/ClassNotFoundException': org/springframework/beans/factory/support/BeanDefinitionRegistryPostProcessorCustomizer> (0x00000000dd932800) thrown at [C:\re\workspace\8-2-build-windows-amd64-cygwin\jdk8u181\11358\hotspot\src\share\vm\cl
Event: 41.221 Thread 0x0000000002deb000 Exception <a 'java/lang/ClassNotFoundException': org/springframework/beans/factory/DisposableBeanCustomizer> (0x00000000dd954ae8) thrown at [C:\re\workspace\8-2-build-windows-amd64-cygwin\jdk8u181\11358\hotspot\src\share\vm\classfile\systemDictionary.cpp,
Event: 41.248 Thread 0x0000000002deb000 Exception <a 'java/lang/ClassNotFoundException': java/lang/ObjectCustomizer> (0x00000000dd9866c0) thrown at [C:\re\workspace\8-2-build-windows-amd64-cygwin\jdk8u181\11358\hotspot\src\share\vm\classfile\systemDictionary.cpp, line 210]
Event: 41.252 Thread 0x0000000002deb000 Exception <a 'java/lang/ClassNotFoundException': org/springframework/jmx/export/metadata/AbstractJmxAttributeCustomizer> (0x00000000dd9b0d30) thrown at [C:\re\workspace\8-2-build-windows-amd64-cygwin\jdk8u181\11358\hotspot\src\share\vm\classfile\systemDic
Event: 41.254 Thread 0x0000000002deb000 Exception <a 'java/lang/ClassNotFoundException': org/springframework/jmx/export/metadata/ManagedAttributeCustomizer> (0x00000000dd9db2c0) thrown at [C:\re\workspace\8-2-build-windows-amd64-cygwin\jdk8u181\11358\hotspot\src\share\vm\classfile\systemDiction
Event: 41.296 Thread 0x0000000002deb000 Exception <a 'java/lang/ClassNotFoundException': java/lang/ObjectCustomizer> (0x00000000ddaa12d0) thrown at [C:\re\workspace\8-2-build-windows-amd64-cygwin\jdk8u181\11358\hotspot\src\share\vm\classfile\systemDictionary.cpp, line 210]
Event: 41.298 Thread 0x0000000002deb000 Exception <a 'java/lang/ClassNotFoundException': org/springframework/cloud/bootstrap/config/PropertySourceBootstrapPropertiesCustomizer> (0x00000000ddad2270) thrown at [C:\re\workspace\8-2-build-windows-amd64-cygwin\jdk8u181\11358\hotspot\src\share\vm\cla
Event: 41.439 Thread 0x0000000002deb000 Exception <a 'java/lang/ClassNotFoundException': java/lang/ObjectCustomizer> (0x00000000de141ee0) thrown at [C:\re\workspace\8-2-build-windows-amd64-cygwin\jdk8u181\11358\hotspot\src\share\vm\classfile\systemDictionary.cpp, line 210]
Event: 41.442 Thread 0x0000000002deb000 Exception <a 'java/lang/ClassNotFoundException': org/springframework/cloud/bootstrap/encrypt/KeyPropertiesCustomizer> (0x00000000de16bd00) thrown at [C:\re\workspace\8-2-build-windows-amd64-cygwin\jdk8u181\11358\hotspot\src\share\vm\classfile\systemDictio

Events (10 events):
Event: 41.526 Thread 0x0000000002deb000 Uncommon trap: trap_request=0xffffffa7 fr.pc=0x00000000033c5054
Event: 41.526 Thread 0x0000000002deb000 DEOPT PACKING pc=0x00000000033c5054 sp=0x0000000002dce8e0
Event: 41.526 Thread 0x0000000002deb000 DEOPT UNPACKING pc=0x00000000030f583b sp=0x0000000002dce878 mode 2
Event: 41.526 Thread 0x0000000002deb000 DEOPT PACKING pc=0x00000000041faecc sp=0x0000000002dce920
Event: 41.526 Thread 0x0000000002deb000 DEOPT UNPACKING pc=0x00000000030f7890 sp=0x0000000002dce5f0 mode 1
Event: 41.526 Thread 0x0000000002deb000 Uncommon trap: trap_request=0xffffffa7 fr.pc=0x00000000033c5054
Event: 41.526 Thread 0x0000000002deb000 DEOPT PACKING pc=0x00000000033c5054 sp=0x0000000002dce900
Event: 41.526 Thread 0x0000000002deb000 DEOPT UNPACKING pc=0x00000000030f583b sp=0x0000000002dce8a8 mode 2
Event: 41.526 Thread 0x0000000002deb000 DEOPT PACKING pc=0x00000000035621f4 sp=0x0000000002dcea10
Event: 41.526 Thread 0x0000000002deb000 DEOPT UNPACKING pc=0x00000000030f7890 sp=0x0000000002dce708 mode 1


Dynamic libraries:
0x00007ff762150000 - 0x00007ff762187000 	C:\Users\CeYang\Desktop\JAL\tool\pleiades-2018-09-java-win-64bit-jre_20181004\pleiades\java\8\bin\javaw.exe
0x00007ffdf6780000 - 0x00007ffdf6970000 	C:\WINDOWS\SYSTEM32\ntdll.dll
0x00007ffdf56a0000 - 0x00007ffdf5752000 	C:\WINDOWS\System32\KERNEL32.DLL
0x00007ffdf3770000 - 0x00007ffdf3a13000 	C:\WINDOWS\System32\KERNELBASE.dll
0x00007ffdf5000000 - 0x00007ffdf50a3000 	C:\WINDOWS\System32\ADVAPI32.dll
0x00007ffdf5fc0000 - 0x00007ffdf605e000 	C:\WINDOWS\System32\msvcrt.dll
0x00007ffdf63d0000 - 0x00007ffdf6467000 	C:\WINDOWS\System32\sechost.dll
0x00007ffdf6470000 - 0x00007ffdf6590000 	C:\WINDOWS\System32\RPCRT4.dll
0x00007ffdf5e20000 - 0x00007ffdf5fb4000 	C:\WINDOWS\System32\USER32.dll
0x00007ffdf3bc0000 - 0x00007ffdf3be1000 	C:\WINDOWS\System32\win32u.dll
0x00007ffdf6090000 - 0x00007ffdf60b6000 	C:\WINDOWS\System32\GDI32.dll
0x00007ffdf3e10000 - 0x00007ffdf3fa4000 	C:\WINDOWS\System32\gdi32full.dll
0x00007ffdf3d70000 - 0x00007ffdf3e0e000 	C:\WINDOWS\System32\msvcp_win.dll
0x00007ffdf3bf0000 - 0x00007ffdf3cea000 	C:\WINDOWS\System32\ucrtbase.dll
0x00007ffddc700000 - 0x00007ffddc985000 	C:\WINDOWS\WinSxS\amd64_microsoft.windows.common-controls_6595b64144ccf1df_6.0.18362.778_none_e6c6b761130d4fb8\COMCTL32.dll
0x00007ffdf5260000 - 0x00007ffdf5596000 	C:\WINDOWS\System32\combase.dll
0x00007ffdf3cf0000 - 0x00007ffdf3d70000 	C:\WINDOWS\System32\bcryptPrimitives.dll
0x00007ffdf6060000 - 0x00007ffdf608e000 	C:\WINDOWS\System32\IMM32.DLL
0x0000000050e30000 - 0x0000000050f02000 	C:\Users\CeYang\Desktop\JAL\tool\pleiades-2018-09-java-win-64bit-jre_20181004\pleiades\java\8\jre\bin\msvcr100.dll
0x0000000050580000 - 0x0000000050e22000 	C:\Users\CeYang\Desktop\JAL\tool\pleiades-2018-09-java-win-64bit-jre_20181004\pleiades\java\8\jre\bin\server\jvm.dll
0x00007ffdf60c0000 - 0x00007ffdf60c8000 	C:\WINDOWS\System32\PSAPI.DLL
0x00007ffde4f10000 - 0x00007ffde4f1a000 	C:\WINDOWS\SYSTEM32\VERSION.dll
0x00007ffdef790000 - 0x00007ffdef7b4000 	C:\WINDOWS\SYSTEM32\WINMM.dll
0x00007ffdef760000 - 0x00007ffdef78d000 	C:\WINDOWS\SYSTEM32\WINMMBASE.dll
0x00007ffdcbfd0000 - 0x00007ffdcbfd9000 	C:\WINDOWS\SYSTEM32\WSOCK32.dll
0x00007ffdf3a20000 - 0x00007ffdf3a6a000 	C:\WINDOWS\System32\cfgmgr32.dll
0x00007ffdf6360000 - 0x00007ffdf63cf000 	C:\WINDOWS\System32\WS2_32.dll
0x0000000051ce0000 - 0x0000000051cef000 	C:\Users\CeYang\Desktop\JAL\tool\pleiades-2018-09-java-win-64bit-jre_20181004\pleiades\java\8\jre\bin\verify.dll
0x0000000051cb0000 - 0x0000000051cd9000 	C:\Users\CeYang\Desktop\JAL\tool\pleiades-2018-09-java-win-64bit-jre_20181004\pleiades\java\8\jre\bin\java.dll
0x00000000501c0000 - 0x00000000501f5000 	C:\Users\CeYang\Desktop\JAL\tool\pleiades-2018-09-java-win-64bit-jre_20181004\pleiades\java\8\jre\bin\jdwp.dll
0x00000000501b0000 - 0x00000000501b8000 	C:\Users\CeYang\Desktop\JAL\tool\pleiades-2018-09-java-win-64bit-jre_20181004\pleiades\java\8\jre\bin\npt.dll
0x0000000050180000 - 0x00000000501a3000 	C:\Users\CeYang\Desktop\JAL\tool\pleiades-2018-09-java-win-64bit-jre_20181004\pleiades\java\8\jre\bin\instrument.dll
0x0000000051c90000 - 0x0000000051ca6000 	C:\Users\CeYang\Desktop\JAL\tool\pleiades-2018-09-java-win-64bit-jre_20181004\pleiades\java\8\jre\bin\zip.dll
0x00007ffdf4830000 - 0x00007ffdf4f15000 	C:\WINDOWS\System32\SHELL32.dll
0x00007ffdf5d60000 - 0x00007ffdf5e09000 	C:\WINDOWS\System32\shcore.dll
0x00007ffdf4090000 - 0x00007ffdf4810000 	C:\WINDOWS\System32\windows.storage.dll
0x00007ffdf36e0000 - 0x00007ffdf3703000 	C:\WINDOWS\System32\profapi.dll
0x00007ffdf3690000 - 0x00007ffdf36da000 	C:\WINDOWS\System32\powrprof.dll
0x00007ffdf3640000 - 0x00007ffdf3650000 	C:\WINDOWS\System32\UMPDC.dll
0x00007ffdf60d0000 - 0x00007ffdf6122000 	C:\WINDOWS\System32\shlwapi.dll
0x00007ffdf3670000 - 0x00007ffdf3681000 	C:\WINDOWS\System32\kernel.appcore.dll
0x00007ffdf4810000 - 0x00007ffdf4827000 	C:\WINDOWS\System32\cryptsp.dll
0x0000000050170000 - 0x0000000050179000 	C:\Users\CeYang\Desktop\JAL\tool\pleiades-2018-09-java-win-64bit-jre_20181004\pleiades\java\8\jre\bin\dt_socket.dll
0x00007ffdd2050000 - 0x00007ffdd2066000 	C:\WINDOWS\system32\napinsp.dll
0x00007ffdd1b80000 - 0x00007ffdd1b9a000 	C:\WINDOWS\system32\pnrpnsp.dll
0x00007ffdf2e60000 - 0x00007ffdf2ec7000 	C:\WINDOWS\System32\mswsock.dll
0x00007ffdf2bc0000 - 0x00007ffdf2c8a000 	C:\WINDOWS\SYSTEM32\DNSAPI.dll
0x00007ffdf5e10000 - 0x00007ffdf5e18000 	C:\WINDOWS\System32\NSI.dll
0x00007ffdf2b80000 - 0x00007ffdf2bba000 	C:\WINDOWS\SYSTEM32\IPHLPAPI.DLL
0x00007ffdd1b70000 - 0x00007ffdd1b7e000 	C:\WINDOWS\System32\winrnr.dll
0x00007ffdeee30000 - 0x00007ffdeee4c000 	C:\WINDOWS\system32\NLAapi.dll
0x00007ffdec910000 - 0x00007ffdec925000 	C:\WINDOWS\system32\wshbth.dll
0x00007ffde5000000 - 0x00007ffde5077000 	C:\WINDOWS\System32\fwpuclnt.dll
0x00007ffdf3fb0000 - 0x00007ffdf3fd6000 	C:\WINDOWS\System32\bcrypt.dll
0x00007ffde1ae0000 - 0x00007ffde1aea000 	C:\Windows\System32\rasadhlp.dll
0x0000000051c60000 - 0x0000000051c7a000 	C:\Users\CeYang\Desktop\JAL\tool\pleiades-2018-09-java-win-64bit-jre_20181004\pleiades\java\8\jre\bin\net.dll
0x00007ffde5970000 - 0x00007ffde5986000 	C:\WINDOWS\SYSTEM32\dhcpcsvc6.DLL
0x00007ffde5950000 - 0x00007ffde596c000 	C:\WINDOWS\SYSTEM32\dhcpcsvc.DLL
0x0000000051c80000 - 0x0000000051c8d000 	C:\Users\CeYang\Desktop\JAL\tool\pleiades-2018-09-java-win-64bit-jre_20181004\pleiades\java\8\jre\bin\management.dll
0x0000000051c40000 - 0x0000000051c51000 	C:\Users\CeYang\Desktop\JAL\tool\pleiades-2018-09-java-win-64bit-jre_20181004\pleiades\java\8\jre\bin\nio.dll
0x00007ffdf2770000 - 0x00007ffdf27a3000 	C:\WINDOWS\system32\rsaenh.dll
0x00007ffdf3530000 - 0x00007ffdf3555000 	C:\WINDOWS\SYSTEM32\USERENV.dll
0x00007ffdf2fe0000 - 0x00007ffdf2fec000 	C:\WINDOWS\SYSTEM32\CRYPTBASE.dll
0x0000000051320000 - 0x0000000051344000 	C:\Users\CeYang\Desktop\JAL\tool\pleiades-2018-09-java-win-64bit-jre_20181004\pleiades\java\8\jre\bin\sunec.dll
0x0000000050570000 - 0x000000005057b000 	C:\Users\CeYang\Desktop\JAL\tool\pleiades-2018-09-java-win-64bit-jre_20181004\pleiades\java\8\jre\bin\sunmscapi.dll
0x00007ffdf3a70000 - 0x00007ffdf3bb9000 	C:\WINDOWS\System32\CRYPT32.dll
0x00007ffdf3650000 - 0x00007ffdf3662000 	C:\WINDOWS\System32\MSASN1.dll

VM Arguments:
jvm_args: -agentlib:jdwp=transport=dt_socket,suspend=y,address=localhost:49311 -javaagent:C:\Users\CeYang\Desktop\JAL\tool\pleiades-2018-09-java-win-64bit-jre_20181004\pleiades\eclipse\configuration\org.eclipse.osgi\532\0\.cp\lib\javaagent-shaded.jar -Dfile.encoding=UTF-8 
java_command: com.iiht.emart.subcategory.SubCategoryApplication
java_class_path (initial): C:\Users\CeYang\Desktop\JAL\tool\pleiades-2018-09-java-win-64bit-jre_20181004\pleiades\java\8\jre\lib\resources.jar;C:\Users\CeYang\Desktop\JAL\tool\pleiades-2018-09-java-win-64bit-jre_20181004\pleiades\java\8\jre\lib\rt.jar;C:\Users\CeYang\Desktop\JAL\tool\pleiades-2018-09-java-win-64bit-jre_20181004\pleiades\java\8\jre\lib\jsse.jar;C:\Users\CeYang\Desktop\JAL\tool\pleiades-2018-09-java-win-64bit-jre_20181004\pleiades\java\8\jre\lib\jce.jar;C:\Users\CeYang\Desktop\JAL\tool\pleiades-2018-09-java-win-64bit-jre_20181004\pleiades\java\8\jre\lib\charsets.jar;C:\Users\CeYang\Desktop\JAL\tool\pleiades-2018-09-java-win-64bit-jre_20181004\pleiades\java\8\jre\lib\jfr.jar;C:\Users\CeYang\Desktop\JAL\tool\pleiades-2018-09-java-win-64bit-jre_20181004\pleiades\java\8\jre\lib\ext\access-bridge-64.jar;C:\Users\CeYang\Desktop\JAL\tool\pleiades-2018-09-java-win-64bit-jre_20181004\pleiades\java\8\jre\lib\ext\cldrdata.jar;C:\Users\CeYang\Desktop\JAL\tool\pleiades-2018-09-java-win-64bit-jre_20181004\pleiades\java\8\jre\lib\ext\dnsns.jar;C:\Users\CeYang\Desktop\JAL\tool\pleiades-2018-09-java-win-64bit-jre_20181004\pleiades\java\8\jre\lib\ext\jaccess.jar;C:\Users\CeYang\Desktop\JAL\tool\pleiades-2018-09-java-win-64bit-jre_20181004\pleiades\java\8\jre\lib\ext\jfxrt.jar;C:\Users\CeYang\Desktop\JAL\tool\pleiades-2018-09-java-win-64bit-jre_20181004\pleiades\java\8\jre\lib\ext\localedata.jar;C:\Users\CeYang\Desktop\JAL\tool\pleiades-2018-09-java-win-64bit-jre_20181004\pleiades\java\8\jre\lib\ext\nashorn.jar;C:\Users\CeYang\Desktop\JAL\tool\pleiades-2018-09-java-win-64bit-jre_20181004\pleiades\java\8\jre\lib\ext\sunec.jar;C:\Users\CeYang\Desktop\JAL\tool\pleiades-2018-09-java-win-64bit-jre_20181004\pleiades\java\8\jre\lib\ext\sunjce_provider.jar;C:\Users\CeYang\Desktop\JAL\tool\pleiades-2018-09-java-win-64bit-jre_20181004\pleiades\java\8\jre\lib\ext\sunmscapi.jar;C:\Users\CeYang\Desktop\JAL\tool\pleiades-2018-09-java-win-64bit-jre_20181004\pleiades\java\8\jre\lib\e
Launcher Type: SUN_STANDARD

Environment Variables:
CLASSPATH=C:\Program Files\IBM\WebSphere MQ\java\lib\com.ibm.mqjms.jar;C:\Program Files\IBM\WebSphere MQ\java\lib\com.ibm.mq.jar
PATH=C:\Users\CeYang\Desktop\JAL\tool\pleiades-2018-09-java-win-64bit-jre_20181004\pleiades\java\8\jre\bin;C:/Users/CeYang/Desktop/JAL/tool/pleiades-2018-09-java-win-64bit-jre_20181004/pleiades/eclipse/jre/bin/../jre/bin/server;C:/Users/CeYang/Desktop/JAL/tool/pleiades-2018-09-java-win-64bit-jre_20181004/pleiades/eclipse/jre/bin/../jre/bin;C:/Users/CeYang/Desktop/JAL/tool/pleiades-2018-09-java-win-64bit-jre_20181004/pleiades/eclipse/jre/bin/../jre/lib/amd64;C:\Program Files\IBM\WebSphere MQ\java\lib;C:\Program Files\IBM\WebSphere MQ\java\lib64;C:\ProgramData\DockerDesktop\version-bin;C:\Program Files\Docker\Docker\Resources\bin;C:\oracle\product\10.2.0\client_1\bin;C:\ProgramData\Oracle\Java\javapath;C:\WINDOWS\system32;C:\WINDOWS;C:\WINDOWS\System32\Wbem;C:\WINDOWS\System32\WindowsPowerShell\v1.0\;C:\WINDOWS\System32\OpenSSH\;C:\Program Files\TortoiseSVN\bin;C:\Program Files\Git\cmd;C:\Program Files\Microsoft VS Code\bin;C:\Program Files (x86)\Intel\Intel(R) Management Engine Components\DAL;C:\Program Files\Intel\Intel(R) Management Engine Components\DAL;C:\Program Files\Intel\WiFi\bin\;C:\Program Files\Common Files\Intel\WirelessCommon\;C:\Program Files\IBM\WebSphere MQ\bin64;C:\Program Files\IBM\WebSphere MQ\bin;C:\Program Files\IBM\WebSphere MQ\tools\c\samples\bin;C:\Program Files\nodejs\;C:\Program Files\MySQL\MySQL Shell 8.0\bin\;C:\Users\CeYang\Desktop\Full stack\mysql\bin;C:\Users\CeYang\Desktop\JAL\tool\pleiades-2018-09-java-win-64bit-jre_20181004\pleiades\eclipse;
USERNAME=CeYang
OS=Windows_NT
PROCESSOR_IDENTIFIER=Intel64 Family 6 Model 142 Stepping 9, GenuineIntel



---------------  S Y S T E M  ---------------

OS: Windows 10.0 , 64 bit Build 18362 (10.0.18362.778)

CPU:total 4 (initial active 4) (2 cores per cpu, 2 threads per core) family 6 model 142 stepping 9, cmov, cx8, fxsr, mmx, sse, sse2, sse3, ssse3, sse4.1, sse4.2, popcnt, avx, avx2, aes, clmul, erms, rtm, 3dnowpref, lzcnt, ht, tsc, tscinvbit, bmi1, bmi2, adx

Memory: 4k page, physical 8224516k(296624k free), swap 33390340k(2160k free)

vm_info: Java HotSpot(TM) 64-Bit Server VM (25.181-b13) for windows-amd64 JRE (1.8.0_181-b13), built on Jul  7 2018 04:01:33 by "java_re" with MS VC++ 10.0 (VS2010)

time: Thu May 14 23:01:15 2020
elapsed time: 42 seconds (0d 0h 0m 42s)

